#
# There is insufficient memory for the Java Runtime Environment to continue.
# Native memory allocation (mmap) failed to map 346030080 bytes. Error detail: G1 virtual space
# Possible reasons:
#   The system is out of physical RAM or swap space
#   This process is running with CompressedOops enabled, and the Java Heap may be blocking the growth of the native heap
# Possible solutions:
#   Reduce memory load on the system
#   Increase physical memory or swap space
#   Check if swap backing store is full
#   Decrease Java heap size (-Xmx/-Xms)
#   Decrease number of Java threads
#   Decrease Java thread stack sizes (-Xss)
#   Set larger code cache with -XX:ReservedCodeCacheSize=
#   JVM is running with Unscaled Compressed Oops mode in which the Java heap is
#     placed in the first 4GB address space. The Java Heap base address is the
#     maximum limit for the native heap growth. Please use -XX:HeapBaseMinAddress
#     to set the Java Heap base and to place the Java Heap above 4GB virtual address.
# This output file may be truncated or incomplete.
#
#  Out of Memory Error (os_windows.cpp:3713), pid=22300, tid=22384
#
# JRE version: OpenJDK Runtime Environment Temurin-21.0.9+10 (21.0.9+10) (build 21.0.9+10-LTS)
# Java VM: OpenJDK 64-Bit Server VM Temurin-21.0.9+10 (21.0.9+10-LTS, mixed mode, sharing, tiered, compressed oops, compressed class ptrs, g1 gc, windows-amd64)
# No core dump will be written. Minidumps are not enabled by default on client versions of Windows
#

---------------  S U M M A R Y ------------

Command Line: --add-opens=java.base/java.lang=ALL-UNNAMED --add-opens=java.base/java.lang.invoke=ALL-UNNAMED --add-opens=java.base/java.util=ALL-UNNAMED --add-opens=java.prefs/java.util.prefs=ALL-UNNAMED --add-exports=jdk.compiler/com.sun.tools.javac.api=ALL-UNNAMED --add-exports=jdk.compiler/com.sun.tools.javac.util=ALL-UNNAMED --add-opens=java.base/java.util=ALL-UNNAMED --add-opens=java.prefs/java.util.prefs=ALL-UNNAMED --add-opens=java.base/java.nio.charset=ALL-UNNAMED --add-opens=java.base/java.net=ALL-UNNAMED --add-opens=java.base/java.util.concurrent.atomic=ALL-UNNAMED --add-opens=java.xml/javax.xml.namespace=ALL-UNNAMED -XX:MaxMetaspaceSize=512m -XX:+UseG1GC -Xms128m -Xmx2048m -Dfile.encoding=UTF-8 -Duser.country=US -Duser.language=en -Duser.variant -javaagent:C:\Users\malin\.gradle\wrapper\dists\gradle-8.13-bin\5xuhj0ry160q40clulazy9h7d\gradle-8.13\lib\agents\gradle-instrumentation-agent-8.13.jar org.gradle.launcher.daemon.bootstrap.GradleDaemon 8.13

Host: AMD Ryzen 7 4800H with Radeon Graphics         , 16 cores, 15G,  Windows 11 , 64 bit Build 26100 (10.0.26100.7623)
Time: Fri Jan 16 08:47:04 2026 Sri Lanka Standard Time elapsed time: 18.358031 seconds (0d 0h 0m 18s)

---------------  T H R E A D  ---------------

Current thread (0x0000021122f92e90):  VMThread "VM Thread"          [id=22384, stack(0x000000bb43c00000,0x000000bb43d00000) (1024K)]

Stack: [0x000000bb43c00000,0x000000bb43d00000]
Native frames: (J=compiled Java code, j=interpreted, Vv=VM code, C=native code)
V  [jvm.dll+0x6d6e29]
V  [jvm.dll+0x8b4b76]
V  [jvm.dll+0x8b712e]
V  [jvm.dll+0x8b7813]
V  [jvm.dll+0x283d86]
V  [jvm.dll+0x6d3745]
V  [jvm.dll+0x6c747a]
V  [jvm.dll+0x35e7e8]
V  [jvm.dll+0x366426]
V  [jvm.dll+0x3b73fe]
V  [jvm.dll+0x3b76a8]
V  [jvm.dll+0x3329ec]
V  [jvm.dll+0x332a77]
V  [jvm.dll+0x37684c]
V  [jvm.dll+0x374fee]
V  [jvm.dll+0x332131]
V  [jvm.dll+0x37465a]
V  [jvm.dll+0x8bd500]
V  [jvm.dll+0x8be8a4]
V  [jvm.dll+0x8bede0]
V  [jvm.dll+0x8bf083]
V  [jvm.dll+0x85e9ad]
V  [jvm.dll+0x6d565d]
C  [ucrtbase.dll+0x37b0]
C  [KERNEL32.DLL+0x2e8d7]
C  [ntdll.dll+0x8c53c]

VM_Operation (0x000000bb458f1440): G1CollectForAllocation, mode: safepoint, requested by thread 0x000002114304eb20


---------------  P R O C E S S  ---------------

Threads class SMR info:
_java_thread_list=0x00000211456e4ae0, length=41, elements={
0x0000021108906490, 0x0000021122fbbdb0, 0x0000021122fbc800, 0x0000021122fbf260,
0x0000021122fbfcb0, 0x0000021122fc0830, 0x0000021122fc13b0, 0x0000021122fc4960,
0x0000021122fc7ab0, 0x000002114229c790, 0x0000021142285050, 0x000002114304e490,
0x0000021143051280, 0x000002114304fed0, 0x0000021143050bf0, 0x000002114304f840,
0x0000021143051910, 0x000002114304eb20, 0x000002114304f1b0, 0x0000021144005690,
0x0000021144008b10, 0x0000021144006a40, 0x00000211440070d0, 0x0000021144007760,
0x0000021144008480, 0x00000211440091a0, 0x0000021144005d20, 0x0000021144009830,
0x0000021144007df0, 0x00000211440063b0, 0x000002114400c620, 0x000002114400ccb0,
0x0000021144009ec0, 0x000002114400b900, 0x000002114400b270, 0x000002114400abe0,
0x0000021149870550, 0x000002114986f1a0, 0x0000021147c960e0, 0x00000211482b0240,
0x00000211482afb70
}

Java Threads: ( => current thread )
  0x0000021108906490 JavaThread "main"                              [_thread_blocked, id=22356, stack(0x000000bb43500000,0x000000bb43600000) (1024K)]
  0x0000021122fbbdb0 JavaThread "Reference Handler"          daemon [_thread_blocked, id=22388, stack(0x000000bb43d00000,0x000000bb43e00000) (1024K)]
  0x0000021122fbc800 JavaThread "Finalizer"                  daemon [_thread_blocked, id=22392, stack(0x000000bb43e00000,0x000000bb43f00000) (1024K)]
  0x0000021122fbf260 JavaThread "Signal Dispatcher"          daemon [_thread_blocked, id=22396, stack(0x000000bb43f00000,0x000000bb44000000) (1024K)]
  0x0000021122fbfcb0 JavaThread "Attach Listener"            daemon [_thread_blocked, id=22400, stack(0x000000bb44000000,0x000000bb44100000) (1024K)]
  0x0000021122fc0830 JavaThread "Service Thread"             daemon [_thread_blocked, id=22404, stack(0x000000bb44100000,0x000000bb44200000) (1024K)]
  0x0000021122fc13b0 JavaThread "Monitor Deflation Thread"   daemon [_thread_blocked, id=22408, stack(0x000000bb44200000,0x000000bb44300000) (1024K)]
  0x0000021122fc4960 JavaThread "C2 CompilerThread0"         daemon [_thread_blocked, id=22412, stack(0x000000bb44300000,0x000000bb44400000) (1024K)]
  0x0000021122fc7ab0 JavaThread "C1 CompilerThread0"         daemon [_thread_blocked, id=22416, stack(0x000000bb44400000,0x000000bb44500000) (1024K)]
  0x000002114229c790 JavaThread "Common-Cleaner"             daemon [_thread_blocked, id=22424, stack(0x000000bb44600000,0x000000bb44700000) (1024K)]
  0x0000021142285050 JavaThread "Notification Thread"        daemon [_thread_blocked, id=22428, stack(0x000000bb44700000,0x000000bb44800000) (1024K)]
  0x000002114304e490 JavaThread "Daemon health stats"               [_thread_blocked, id=22524, stack(0x000000bb45200000,0x000000bb45300000) (1024K)]
  0x0000021143051280 JavaThread "Incoming local TCP Connector on port 59636"        [_thread_in_native, id=4164, stack(0x000000bb45300000,0x000000bb45400000) (1024K)]
  0x000002114304fed0 JavaThread "Daemon periodic checks"            [_thread_blocked, id=8884, stack(0x000000bb45400000,0x000000bb45500000) (1024K)]
  0x0000021143050bf0 JavaThread "Daemon"                            [_thread_blocked, id=15280, stack(0x000000bb45500000,0x000000bb45600000) (1024K)]
  0x000002114304f840 JavaThread "Handler for socket connection from /127.0.0.1:59636 to /127.0.0.1:59637"        [_thread_in_native, id=21516, stack(0x000000bb45600000,0x000000bb45700000) (1024K)]
  0x0000021143051910 JavaThread "Cancel handler"                    [_thread_blocked, id=21520, stack(0x000000bb45700000,0x000000bb45800000) (1024K)]
  0x000002114304eb20 JavaThread "Daemon worker"                     [_thread_blocked, id=4572, stack(0x000000bb45800000,0x000000bb45900000) (1024K)]
  0x000002114304f1b0 JavaThread "Asynchronous log dispatcher for DefaultDaemonConnection: socket connection from /127.0.0.1:59636 to /127.0.0.1:59637"        [_thread_blocked, id=2848, stack(0x000000bb45900000,0x000000bb45a00000) (1024K)]
  0x0000021144005690 JavaThread "Stdin handler"                     [_thread_blocked, id=12796, stack(0x000000bb45a00000,0x000000bb45b00000) (1024K)]
  0x0000021144008b10 JavaThread "Daemon client event forwarder"        [_thread_blocked, id=15500, stack(0x000000bb45b00000,0x000000bb45c00000) (1024K)]
  0x0000021144006a40 JavaThread "Cache worker for journal cache (C:\Users\malin\.gradle\caches\journal-1)"        [_thread_blocked, id=19844, stack(0x000000bb45c00000,0x000000bb45d00000) (1024K)]
  0x00000211440070d0 JavaThread "File lock request listener"        [_thread_in_native, id=21148, stack(0x000000bb45d00000,0x000000bb45e00000) (1024K)]
  0x0000021144007760 JavaThread "Cache worker for file hash cache (C:\Users\malin\.gradle\caches\8.13\fileHashes)"        [_thread_blocked, id=20416, stack(0x000000bb45e00000,0x000000bb45f00000) (1024K)]
  0x0000021144008480 JavaThread "Cache worker for file hash cache (E:\Sliit\Y2S2\MAD\MoodFlow\.gradle\8.13\fileHashes)"        [_thread_blocked, id=12104, stack(0x000000bb46800000,0x000000bb46900000) (1024K)]
  0x00000211440091a0 JavaThread "Cache worker for Build Output Cleanup Cache (E:\Sliit\Y2S2\MAD\MoodFlow\.gradle\buildOutputCleanup)"        [_thread_blocked, id=6572, stack(0x000000bb46900000,0x000000bb46a00000) (1024K)]
  0x0000021144005d20 JavaThread "jar transforms"                    [_thread_blocked, id=11172, stack(0x000000bb46a00000,0x000000bb46b00000) (1024K)]
  0x0000021144009830 JavaThread "jar transforms Thread 2"           [_thread_blocked, id=19568, stack(0x000000bb46b00000,0x000000bb46c00000) (1024K)]
  0x0000021144007df0 JavaThread "jar transforms Thread 3"           [_thread_blocked, id=14056, stack(0x000000bb46c00000,0x000000bb46d00000) (1024K)]
  0x00000211440063b0 JavaThread "jar transforms Thread 4"           [_thread_blocked, id=21640, stack(0x000000bb46f00000,0x000000bb47000000) (1024K)]
  0x000002114400c620 JavaThread "jar transforms Thread 5"           [_thread_blocked, id=21704, stack(0x000000bb46d00000,0x000000bb46e00000) (1024K)]
  0x000002114400ccb0 JavaThread "Cache worker for checksums cache (E:\Sliit\Y2S2\MAD\MoodFlow\.gradle\8.13\checksums)"        [_thread_blocked, id=21720, stack(0x000000bb46e00000,0x000000bb46f00000) (1024K)]
  0x0000021144009ec0 JavaThread "Cache worker for file content cache (C:\Users\malin\.gradle\caches\8.13\fileContent)"        [_thread_blocked, id=21712, stack(0x000000bb47000000,0x000000bb47100000) (1024K)]
  0x000002114400b900 JavaThread "jar transforms Thread 6"           [_thread_blocked, id=16204, stack(0x000000bb47500000,0x000000bb47600000) (1024K)]
  0x000002114400b270 JavaThread "jar transforms Thread 7"           [_thread_blocked, id=476, stack(0x000000bb47400000,0x000000bb47500000) (1024K)]
  0x000002114400abe0 JavaThread "jar transforms Thread 8"           [_thread_blocked, id=1508, stack(0x000000bb47600000,0x000000bb47700000) (1024K)]
  0x0000021149870550 JavaThread "jar transforms Thread 9"           [_thread_blocked, id=1776, stack(0x000000bb47700000,0x000000bb47800000) (1024K)]
  0x000002114986f1a0 JavaThread "File lock release action executor"        [_thread_blocked, id=22164, stack(0x000000bb47800000,0x000000bb47900000) (1024K)]
  0x0000021147c960e0 JavaThread "C1 CompilerThread1"         daemon [_thread_blocked, id=15236, stack(0x000000bb44500000,0x000000bb44600000) (1024K)]
  0x00000211482b0240 JavaThread "C1 CompilerThread2"         daemon [_thread_blocked, id=15048, stack(0x000000bb44800000,0x000000bb44900000) (1024K)]
  0x00000211482afb70 JavaThread "C1 CompilerThread3"         daemon [_thread_blocked, id=15876, stack(0x000000bb44d00000,0x000000bb44e00000) (1024K)]
Total: 41

Other Threads:
=>0x0000021122f92e90 VMThread "VM Thread"                           [id=22384, stack(0x000000bb43c00000,0x000000bb43d00000) (1024K)]
  0x0000021122f86770 WatcherThread "VM Periodic Task Thread"        [id=22380, stack(0x000000bb43b00000,0x000000bb43c00000) (1024K)]
  0x000002110add7950 WorkerThread "GC Thread#0"                     [id=22360, stack(0x000000bb43600000,0x000000bb43700000) (1024K)]
  0x00000211426092d0 WorkerThread "GC Thread#1"                     [id=22444, stack(0x000000bb44b00000,0x000000bb44c00000) (1024K)]
  0x0000021142609670 WorkerThread "GC Thread#2"                     [id=22448, stack(0x000000bb44c00000,0x000000bb44d00000) (1024K)]
  0x000002114363ed20 WorkerThread "GC Thread#3"                     [id=22464, stack(0x000000bb44f00000,0x000000bb45000000) (1024K)]
  0x00000211435d00b0 WorkerThread "GC Thread#4"                     [id=22468, stack(0x000000bb45000000,0x000000bb45100000) (1024K)]
  0x000002114356f7e0 WorkerThread "GC Thread#5"                     [id=22512, stack(0x000000bb44900000,0x000000bb44a00000) (1024K)]
  0x000002114351ac20 WorkerThread "GC Thread#6"                     [id=22516, stack(0x000000bb44a00000,0x000000bb44b00000) (1024K)]
  0x000002114351afc0 WorkerThread "GC Thread#7"                     [id=22520, stack(0x000000bb45100000,0x000000bb45200000) (1024K)]
  0x00000211448ec350 WorkerThread "GC Thread#8"                     [id=18148, stack(0x000000bb46000000,0x000000bb46100000) (1024K)]
  0x00000211448eb4d0 WorkerThread "GC Thread#9"                     [id=7480, stack(0x000000bb46100000,0x000000bb46200000) (1024K)]
  0x00000211448eca90 WorkerThread "GC Thread#10"                    [id=20088, stack(0x000000bb46200000,0x000000bb46300000) (1024K)]
  0x00000211448eb870 WorkerThread "GC Thread#11"                    [id=12988, stack(0x000000bb46300000,0x000000bb46400000) (1024K)]
  0x00000211448ece30 WorkerThread "GC Thread#12"                    [id=16072, stack(0x000000bb46400000,0x000000bb46500000) (1024K)]
  0x000002110ade88c0 ConcurrentGCThread "G1 Main Marker"            [id=22364, stack(0x000000bb43700000,0x000000bb43800000) (1024K)]
  0x000002110ade92d0 WorkerThread "G1 Conc#0"                       [id=22368, stack(0x000000bb43800000,0x000000bb43900000) (1024K)]
  0x0000021147dbec10 WorkerThread "G1 Conc#1"                       [id=19088, stack(0x000000bb46600000,0x000000bb46700000) (1024K)]
  0x0000021147dc01d0 WorkerThread "G1 Conc#2"                       [id=9140, stack(0x000000bb46700000,0x000000bb46800000) (1024K)]
  0x000002110ae3e960 ConcurrentGCThread "G1 Refine#0"               [id=22372, stack(0x000000bb43900000,0x000000bb43a00000) (1024K)]
  0x0000021122e449f0 ConcurrentGCThread "G1 Service"                [id=22376, stack(0x000000bb43a00000,0x000000bb43b00000) (1024K)]
Total: 21

Threads with active compile tasks:
Total: 0

VM state: at safepoint (normal execution)

VM Mutex/Monitor currently owned by a thread:  ([mutex/lock_event])
[0x00007ff8cf3dd570] Threads_lock - owner thread: 0x0000021122f92e90
[0x00007ff8cf3dd670] Heap_lock - owner thread: 0x000002114304eb20

Heap address: 0x0000000080000000, size: 2048 MB, Compressed Oops mode: 32-bit

CDS archive(s) mapped at: [0x0000021123000000-0x0000021123ba0000-0x0000021123ba0000), size 12189696, SharedBaseAddress: 0x0000021123000000, ArchiveRelocationMode: 1.
Compressed class space mapped at: 0x0000021124000000-0x000002113e000000, reserved size: 436207616
Narrow klass base: 0x0000021123000000, Narrow klass shift: 0, Narrow klass range: 0x100000000

GC Precious Log:
 CardTable entry size: 512
 Card Set container configuration: InlinePtr #cards 5 size 8 Array Of Cards #cards 12 size 40 Howl #buckets 4 coarsen threshold 1843 Howl Bitmap #cards 512 size 80 coarsen threshold 460 Card regions per heap region 1 cards per card region 2048
 CPUs: 16 total, 16 available
 Memory: 15770M
 Large Page Support: Disabled
 NUMA Support: Disabled
 Compressed Oops: Enabled (32-bit)
 Heap Region Size: 1M
 Heap Min Capacity: 128M
 Heap Initial Capacity: 128M
 Heap Max Capacity: 2G
 Pre-touch: Disabled
 Parallel Workers: 13
 Concurrent Workers: 3
 Concurrent Refinement Workers: 13
 Periodic GC: Disabled

Heap:
 garbage-first heap   total 168960K, used 80174K [0x0000000080000000, 0x0000000100000000)
  region size 1024K, 5 young (5120K), 5 survivors (5120K)
 Metaspace       used 76035K, committed 77376K, reserved 557056K
  class space    used 10321K, committed 10944K, reserved 425984K

Heap Regions: E=young(eden), S=young(survivor), O=old, HS=humongous(starts), HC=humongous(continues), CS=collection set, F=free, TAMS=top-at-mark-start, PB=parsable bottom
|   0|0x0000000080000000, 0x0000000080100000, 0x0000000080100000|100%|HS|  |TAMS 0x0000000080000000| PB 0x0000000080000000| Complete 
|   1|0x0000000080100000, 0x0000000080200000, 0x0000000080200000|100%|HC|  |TAMS 0x0000000080100000| PB 0x0000000080100000| Complete 
|   2|0x0000000080200000, 0x0000000080300000, 0x0000000080300000|100%|HC|  |TAMS 0x0000000080200000| PB 0x0000000080200000| Complete 
|   3|0x0000000080300000, 0x0000000080400000, 0x0000000080400000|100%| O|  |TAMS 0x0000000080300000| PB 0x0000000080300000| Untracked 
|   4|0x0000000080400000, 0x0000000080500000, 0x0000000080500000|100%| O|  |TAMS 0x0000000080400000| PB 0x0000000080400000| Untracked 
|   5|0x0000000080500000, 0x0000000080600000, 0x0000000080600000|100%| O|  |TAMS 0x0000000080500000| PB 0x0000000080500000| Untracked 
|   6|0x0000000080600000, 0x0000000080700000, 0x0000000080700000|100%|HS|  |TAMS 0x0000000080600000| PB 0x0000000080600000| Complete 
|   7|0x0000000080700000, 0x0000000080800000, 0x0000000080800000|100%| O|  |TAMS 0x0000000080700000| PB 0x0000000080700000| Untracked 
|   8|0x0000000080800000, 0x0000000080900000, 0x0000000080900000|100%| O|  |TAMS 0x0000000080800000| PB 0x0000000080800000| Untracked 
|   9|0x0000000080900000, 0x0000000080a00000, 0x0000000080a00000|100%| O|  |TAMS 0x0000000080900000| PB 0x0000000080900000| Untracked 
|  10|0x0000000080a00000, 0x0000000080b00000, 0x0000000080b00000|100%| O|  |TAMS 0x0000000080a00000| PB 0x0000000080a00000| Untracked 
|  11|0x0000000080b00000, 0x0000000080c00000, 0x0000000080c00000|100%| O|  |TAMS 0x0000000080b00000| PB 0x0000000080b00000| Untracked 
|  12|0x0000000080c00000, 0x0000000080d00000, 0x0000000080d00000|100%| O|  |TAMS 0x0000000080c00000| PB 0x0000000080c00000| Untracked 
|  13|0x0000000080d00000, 0x0000000080e00000, 0x0000000080e00000|100%| O|  |TAMS 0x0000000080d00000| PB 0x0000000080d00000| Untracked 
|  14|0x0000000080e00000, 0x0000000080f00000, 0x0000000080f00000|100%| O|  |TAMS 0x0000000080e00000| PB 0x0000000080e00000| Untracked 
|  15|0x0000000080f00000, 0x0000000081000000, 0x0000000081000000|100%| O|  |TAMS 0x0000000080f00000| PB 0x0000000080f00000| Untracked 
|  16|0x0000000081000000, 0x0000000081100000, 0x0000000081100000|100%| O|  |TAMS 0x0000000081000000| PB 0x0000000081000000| Untracked 
|  17|0x0000000081100000, 0x0000000081200000, 0x0000000081200000|100%| O|  |TAMS 0x0000000081100000| PB 0x0000000081100000| Untracked 
|  18|0x0000000081200000, 0x0000000081300000, 0x0000000081300000|100%| O|  |TAMS 0x0000000081200000| PB 0x0000000081200000| Untracked 
|  19|0x0000000081300000, 0x0000000081400000, 0x0000000081400000|100%| O|  |TAMS 0x0000000081300000| PB 0x0000000081300000| Untracked 
|  20|0x0000000081400000, 0x0000000081500000, 0x0000000081500000|100%| O|  |TAMS 0x0000000081400000| PB 0x0000000081400000| Untracked 
|  21|0x0000000081500000, 0x0000000081600000, 0x0000000081600000|100%| O|  |TAMS 0x0000000081500000| PB 0x0000000081500000| Untracked 
|  22|0x0000000081600000, 0x0000000081700000, 0x0000000081700000|100%| O|  |TAMS 0x0000000081600000| PB 0x0000000081600000| Untracked 
|  23|0x0000000081700000, 0x0000000081800000, 0x0000000081800000|100%| O|  |TAMS 0x0000000081700000| PB 0x0000000081700000| Untracked 
|  24|0x0000000081800000, 0x0000000081900000, 0x0000000081900000|100%| O|  |TAMS 0x0000000081800000| PB 0x0000000081800000| Untracked 
|  25|0x0000000081900000, 0x0000000081a00000, 0x0000000081a00000|100%| O|  |TAMS 0x0000000081900000| PB 0x0000000081900000| Untracked 
|  26|0x0000000081a00000, 0x0000000081b00000, 0x0000000081b00000|100%| O|  |TAMS 0x0000000081a00000| PB 0x0000000081a00000| Untracked 
|  27|0x0000000081b00000, 0x0000000081c00000, 0x0000000081c00000|100%| O|  |TAMS 0x0000000081b00000| PB 0x0000000081b00000| Untracked 
|  28|0x0000000081c00000, 0x0000000081d00000, 0x0000000081d00000|100%| O|  |TAMS 0x0000000081c00000| PB 0x0000000081c00000| Untracked 
|  29|0x0000000081d00000, 0x0000000081e00000, 0x0000000081e00000|100%|HS|  |TAMS 0x0000000081d00000| PB 0x0000000081d00000| Complete 
|  30|0x0000000081e00000, 0x0000000081f00000, 0x0000000081f00000|100%| O|  |TAMS 0x0000000081e00000| PB 0x0000000081e00000| Untracked 
|  31|0x0000000081f00000, 0x0000000082000000, 0x0000000082000000|100%| O|  |TAMS 0x0000000081f00000| PB 0x0000000081f00000| Untracked 
|  32|0x0000000082000000, 0x0000000082100000, 0x0000000082100000|100%| O|  |TAMS 0x0000000082000000| PB 0x0000000082000000| Untracked 
|  33|0x0000000082100000, 0x0000000082200000, 0x0000000082200000|100%| O|  |TAMS 0x0000000082100000| PB 0x0000000082100000| Untracked 
|  34|0x0000000082200000, 0x0000000082300000, 0x0000000082300000|100%| O|  |TAMS 0x0000000082200000| PB 0x0000000082200000| Untracked 
|  35|0x0000000082300000, 0x0000000082400000, 0x0000000082400000|100%| O|  |TAMS 0x0000000082300000| PB 0x0000000082300000| Untracked 
|  36|0x0000000082400000, 0x0000000082500000, 0x0000000082500000|100%| O|  |TAMS 0x0000000082400000| PB 0x0000000082400000| Untracked 
|  37|0x0000000082500000, 0x0000000082600000, 0x0000000082600000|100%| O|  |TAMS 0x0000000082500000| PB 0x0000000082500000| Untracked 
|  38|0x0000000082600000, 0x0000000082700000, 0x0000000082700000|100%| O|  |TAMS 0x0000000082600000| PB 0x0000000082600000| Untracked 
|  39|0x0000000082700000, 0x0000000082800000, 0x0000000082800000|100%| O|  |TAMS 0x0000000082700000| PB 0x0000000082700000| Untracked 
|  40|0x0000000082800000, 0x0000000082900000, 0x0000000082900000|100%| O|  |TAMS 0x0000000082800000| PB 0x0000000082800000| Untracked 
|  41|0x0000000082900000, 0x0000000082a00000, 0x0000000082a00000|100%| O|  |TAMS 0x0000000082900000| PB 0x0000000082900000| Untracked 
|  42|0x0000000082a00000, 0x0000000082b00000, 0x0000000082b00000|100%| O|  |TAMS 0x0000000082a00000| PB 0x0000000082a00000| Untracked 
|  43|0x0000000082b00000, 0x0000000082c00000, 0x0000000082c00000|100%| O|  |TAMS 0x0000000082b00000| PB 0x0000000082b00000| Untracked 
|  44|0x0000000082c00000, 0x0000000082c00000, 0x0000000082d00000|  0%| F|  |TAMS 0x0000000082c00000| PB 0x0000000082c00000| Untracked 
|  45|0x0000000082d00000, 0x0000000082e00000, 0x0000000082e00000|100%| O|  |TAMS 0x0000000082d00000| PB 0x0000000082d00000| Untracked 
|  46|0x0000000082e00000, 0x0000000082f00000, 0x0000000082f00000|100%| O|  |TAMS 0x0000000082e00000| PB 0x0000000082e00000| Untracked 
|  47|0x0000000082f00000, 0x0000000083000000, 0x0000000083000000|100%| O|  |TAMS 0x0000000082f00000| PB 0x0000000082f00000| Untracked 
|  48|0x0000000083000000, 0x0000000083100000, 0x0000000083100000|100%| O|  |TAMS 0x0000000083000000| PB 0x0000000083000000| Untracked 
|  49|0x0000000083100000, 0x0000000083200000, 0x0000000083200000|100%| O|  |TAMS 0x0000000083100000| PB 0x0000000083100000| Untracked 
|  50|0x0000000083200000, 0x0000000083300000, 0x0000000083300000|100%| O|  |TAMS 0x0000000083200000| PB 0x0000000083200000| Untracked 
|  51|0x0000000083300000, 0x0000000083400000, 0x0000000083400000|100%| O|  |TAMS 0x0000000083300000| PB 0x0000000083300000| Untracked 
|  52|0x0000000083400000, 0x0000000083500000, 0x0000000083500000|100%| O|  |TAMS 0x0000000083400000| PB 0x0000000083400000| Untracked 
|  53|0x0000000083500000, 0x0000000083600000, 0x0000000083600000|100%| O|  |TAMS 0x0000000083500000| PB 0x0000000083500000| Untracked 
|  54|0x0000000083600000, 0x0000000083700000, 0x0000000083700000|100%| O|  |TAMS 0x0000000083600000| PB 0x0000000083600000| Untracked 
|  55|0x0000000083700000, 0x0000000083800000, 0x0000000083800000|100%| O|  |TAMS 0x0000000083700000| PB 0x0000000083700000| Untracked 
|  56|0x0000000083800000, 0x0000000083900000, 0x0000000083900000|100%|HS|  |TAMS 0x0000000083800000| PB 0x0000000083800000| Complete 
|  57|0x0000000083900000, 0x0000000083a00000, 0x0000000083a00000|100%| O|  |TAMS 0x0000000083900000| PB 0x0000000083900000| Untracked 
|  58|0x0000000083a00000, 0x0000000083a4b860, 0x0000000083b00000| 29%| O|  |TAMS 0x0000000083a00000| PB 0x0000000083a00000| Untracked 
|  59|0x0000000083b00000, 0x0000000083b00000, 0x0000000083c00000|  0%| F|  |TAMS 0x0000000083b00000| PB 0x0000000083b00000| Untracked 
|  60|0x0000000083c00000, 0x0000000083c00000, 0x0000000083d00000|  0%| F|  |TAMS 0x0000000083c00000| PB 0x0000000083c00000| Untracked 
|  61|0x0000000083d00000, 0x0000000083d00000, 0x0000000083e00000|  0%| F|  |TAMS 0x0000000083d00000| PB 0x0000000083d00000| Untracked 
|  62|0x0000000083e00000, 0x0000000083f00000, 0x0000000083f00000|100%| O|  |TAMS 0x0000000083e00000| PB 0x0000000083e00000| Untracked 
|  63|0x0000000083f00000, 0x0000000084000000, 0x0000000084000000|100%| O|  |TAMS 0x0000000083f00000| PB 0x0000000083f00000| Untracked 
|  64|0x0000000084000000, 0x0000000084100000, 0x0000000084100000|100%| O|  |TAMS 0x0000000084000000| PB 0x0000000084000000| Untracked 
|  65|0x0000000084100000, 0x0000000084200000, 0x0000000084200000|100%| O|  |TAMS 0x0000000084100000| PB 0x0000000084100000| Untracked 
|  66|0x0000000084200000, 0x0000000084300000, 0x0000000084300000|100%| O|  |TAMS 0x0000000084200000| PB 0x0000000084200000| Untracked 
|  67|0x0000000084300000, 0x0000000084400000, 0x0000000084400000|100%| O|  |TAMS 0x0000000084300000| PB 0x0000000084300000| Untracked 
|  68|0x0000000084400000, 0x0000000084500000, 0x0000000084500000|100%|HS|  |TAMS 0x0000000084400000| PB 0x0000000084400000| Complete 
|  69|0x0000000084500000, 0x0000000084600000, 0x0000000084600000|100%|HC|  |TAMS 0x0000000084500000| PB 0x0000000084500000| Complete 
|  70|0x0000000084600000, 0x0000000084700000, 0x0000000084700000|100%|HC|  |TAMS 0x0000000084600000| PB 0x0000000084600000| Complete 
|  71|0x0000000084700000, 0x0000000084800000, 0x0000000084800000|100%|HC|  |TAMS 0x0000000084700000| PB 0x0000000084700000| Complete 
|  72|0x0000000084800000, 0x0000000084900000, 0x0000000084900000|100%|HC|  |TAMS 0x0000000084800000| PB 0x0000000084800000| Complete 
|  73|0x0000000084900000, 0x0000000084a00000, 0x0000000084a00000|100%|HC|  |TAMS 0x0000000084900000| PB 0x0000000084900000| Complete 
|  74|0x0000000084a00000, 0x0000000084a00000, 0x0000000084b00000|  0%| F|  |TAMS 0x0000000084a00000| PB 0x0000000084a00000| Untracked 
|  75|0x0000000084b00000, 0x0000000084b00000, 0x0000000084c00000|  0%| F|  |TAMS 0x0000000084b00000| PB 0x0000000084b00000| Untracked 
|  76|0x0000000084c00000, 0x0000000084c00000, 0x0000000084d00000|  0%| F|  |TAMS 0x0000000084c00000| PB 0x0000000084c00000| Untracked 
|  77|0x0000000084d00000, 0x0000000084d00000, 0x0000000084e00000|  0%| F|  |TAMS 0x0000000084d00000| PB 0x0000000084d00000| Untracked 
|  78|0x0000000084e00000, 0x0000000084f00000, 0x0000000084f00000|100%| S|CS|TAMS 0x0000000084e00000| PB 0x0000000084e00000| Complete 
|  79|0x0000000084f00000, 0x0000000085000000, 0x0000000085000000|100%| S|CS|TAMS 0x0000000084f00000| PB 0x0000000084f00000| Complete 
|  80|0x0000000085000000, 0x0000000085100000, 0x0000000085100000|100%| S|CS|TAMS 0x0000000085000000| PB 0x0000000085000000| Complete 
|  81|0x0000000085100000, 0x0000000085200000, 0x0000000085200000|100%| S|CS|TAMS 0x0000000085100000| PB 0x0000000085100000| Complete 
|  82|0x0000000085200000, 0x0000000085300000, 0x0000000085300000|100%| S|CS|TAMS 0x0000000085200000| PB 0x0000000085200000| Complete 
|  83|0x0000000085300000, 0x0000000085300000, 0x0000000085400000|  0%| F|  |TAMS 0x0000000085300000| PB 0x0000000085300000| Untracked 
|  84|0x0000000085400000, 0x0000000085400000, 0x0000000085500000|  0%| F|  |TAMS 0x0000000085400000| PB 0x0000000085400000| Untracked 
|  85|0x0000000085500000, 0x0000000085500000, 0x0000000085600000|  0%| F|  |TAMS 0x0000000085500000| PB 0x0000000085500000| Untracked 
|  86|0x0000000085600000, 0x0000000085600000, 0x0000000085700000|  0%| F|  |TAMS 0x0000000085600000| PB 0x0000000085600000| Untracked 
|  87|0x0000000085700000, 0x0000000085700000, 0x0000000085800000|  0%| F|  |TAMS 0x0000000085700000| PB 0x0000000085700000| Untracked 
|  88|0x0000000085800000, 0x0000000085800000, 0x0000000085900000|  0%| F|  |TAMS 0x0000000085800000| PB 0x0000000085800000| Untracked 
|  89|0x0000000085900000, 0x0000000085900000, 0x0000000085a00000|  0%| F|  |TAMS 0x0000000085900000| PB 0x0000000085900000| Untracked 
|  90|0x0000000085a00000, 0x0000000085a00000, 0x0000000085b00000|  0%| F|  |TAMS 0x0000000085a00000| PB 0x0000000085a00000| Untracked 
|  91|0x0000000085b00000, 0x0000000085b00000, 0x0000000085c00000|  0%| F|  |TAMS 0x0000000085b00000| PB 0x0000000085b00000| Untracked 
|  92|0x0000000085c00000, 0x0000000085c00000, 0x0000000085d00000|  0%| F|  |TAMS 0x0000000085c00000| PB 0x0000000085c00000| Untracked 
|  93|0x0000000085d00000, 0x0000000085d00000, 0x0000000085e00000|  0%| F|  |TAMS 0x0000000085d00000| PB 0x0000000085d00000| Untracked 
|  94|0x0000000085e00000, 0x0000000085e00000, 0x0000000085f00000|  0%| F|  |TAMS 0x0000000085e00000| PB 0x0000000085e00000| Untracked 
|  95|0x0000000085f00000, 0x0000000085f00000, 0x0000000086000000|  0%| F|  |TAMS 0x0000000085f00000| PB 0x0000000085f00000| Untracked 
|  96|0x0000000086000000, 0x0000000086000000, 0x0000000086100000|  0%| F|  |TAMS 0x0000000086000000| PB 0x0000000086000000| Untracked 
|  97|0x0000000086100000, 0x0000000086100000, 0x0000000086200000|  0%| F|  |TAMS 0x0000000086100000| PB 0x0000000086100000| Untracked 
|  98|0x0000000086200000, 0x0000000086200000, 0x0000000086300000|  0%| F|  |TAMS 0x0000000086200000| PB 0x0000000086200000| Untracked 
|  99|0x0000000086300000, 0x0000000086300000, 0x0000000086400000|  0%| F|  |TAMS 0x0000000086300000| PB 0x0000000086300000| Untracked 
| 100|0x0000000086400000, 0x0000000086400000, 0x0000000086500000|  0%| F|  |TAMS 0x0000000086400000| PB 0x0000000086400000| Untracked 
| 101|0x0000000086500000, 0x0000000086500000, 0x0000000086600000|  0%| F|  |TAMS 0x0000000086500000| PB 0x0000000086500000| Untracked 
| 102|0x0000000086600000, 0x0000000086600000, 0x0000000086700000|  0%| F|  |TAMS 0x0000000086600000| PB 0x0000000086600000| Untracked 
| 103|0x0000000086700000, 0x0000000086700000, 0x0000000086800000|  0%| F|  |TAMS 0x0000000086700000| PB 0x0000000086700000| Untracked 
| 104|0x0000000086800000, 0x0000000086800000, 0x0000000086900000|  0%| F|  |TAMS 0x0000000086800000| PB 0x0000000086800000| Untracked 
| 105|0x0000000086900000, 0x0000000086900000, 0x0000000086a00000|  0%| F|  |TAMS 0x0000000086900000| PB 0x0000000086900000| Untracked 
| 106|0x0000000086a00000, 0x0000000086a00000, 0x0000000086b00000|  0%| F|  |TAMS 0x0000000086a00000| PB 0x0000000086a00000| Untracked 
| 107|0x0000000086b00000, 0x0000000086b00000, 0x0000000086c00000|  0%| F|  |TAMS 0x0000000086b00000| PB 0x0000000086b00000| Untracked 
| 108|0x0000000086c00000, 0x0000000086c00000, 0x0000000086d00000|  0%| F|  |TAMS 0x0000000086c00000| PB 0x0000000086c00000| Untracked 
| 109|0x0000000086d00000, 0x0000000086d00000, 0x0000000086e00000|  0%| F|  |TAMS 0x0000000086d00000| PB 0x0000000086d00000| Untracked 
| 110|0x0000000086e00000, 0x0000000086e00000, 0x0000000086f00000|  0%| F|  |TAMS 0x0000000086e00000| PB 0x0000000086e00000| Untracked 
| 111|0x0000000086f00000, 0x0000000086f00000, 0x0000000087000000|  0%| F|  |TAMS 0x0000000086f00000| PB 0x0000000086f00000| Untracked 
| 112|0x0000000087000000, 0x0000000087000000, 0x0000000087100000|  0%| F|  |TAMS 0x0000000087000000| PB 0x0000000087000000| Untracked 
| 113|0x0000000087100000, 0x0000000087100000, 0x0000000087200000|  0%| F|  |TAMS 0x0000000087100000| PB 0x0000000087100000| Untracked 
| 114|0x0000000087200000, 0x0000000087200000, 0x0000000087300000|  0%| F|  |TAMS 0x0000000087200000| PB 0x0000000087200000| Untracked 
| 115|0x0000000087300000, 0x0000000087300000, 0x0000000087400000|  0%| F|  |TAMS 0x0000000087300000| PB 0x0000000087300000| Untracked 
| 116|0x0000000087400000, 0x0000000087400000, 0x0000000087500000|  0%| F|  |TAMS 0x0000000087400000| PB 0x0000000087400000| Untracked 
| 117|0x0000000087500000, 0x0000000087500000, 0x0000000087600000|  0%| F|  |TAMS 0x0000000087500000| PB 0x0000000087500000| Untracked 
| 118|0x0000000087600000, 0x0000000087600000, 0x0000000087700000|  0%| F|  |TAMS 0x0000000087600000| PB 0x0000000087600000| Untracked 
| 119|0x0000000087700000, 0x0000000087700000, 0x0000000087800000|  0%| F|  |TAMS 0x0000000087700000| PB 0x0000000087700000| Untracked 
| 120|0x0000000087800000, 0x0000000087800000, 0x0000000087900000|  0%| F|  |TAMS 0x0000000087800000| PB 0x0000000087800000| Untracked 
| 121|0x0000000087900000, 0x0000000087900000, 0x0000000087a00000|  0%| F|  |TAMS 0x0000000087900000| PB 0x0000000087900000| Untracked 
| 122|0x0000000087a00000, 0x0000000087a00000, 0x0000000087b00000|  0%| F|  |TAMS 0x0000000087a00000| PB 0x0000000087a00000| Untracked 
| 123|0x0000000087b00000, 0x0000000087b00000, 0x0000000087c00000|  0%| F|  |TAMS 0x0000000087b00000| PB 0x0000000087b00000| Untracked 
| 124|0x0000000087c00000, 0x0000000087c00000, 0x0000000087d00000|  0%| F|  |TAMS 0x0000000087c00000| PB 0x0000000087c00000| Untracked 
| 125|0x0000000087d00000, 0x0000000087d00000, 0x0000000087e00000|  0%| F|  |TAMS 0x0000000087d00000| PB 0x0000000087d00000| Untracked 
| 126|0x0000000087e00000, 0x0000000087e00000, 0x0000000087f00000|  0%| F|  |TAMS 0x0000000087e00000| PB 0x0000000087e00000| Untracked 
| 127|0x0000000087f00000, 0x0000000087f00000, 0x0000000088000000|  0%| F|  |TAMS 0x0000000087f00000| PB 0x0000000087f00000| Untracked 
| 128|0x0000000088000000, 0x0000000088000000, 0x0000000088100000|  0%| F|  |TAMS 0x0000000088000000| PB 0x0000000088000000| Untracked 
| 129|0x0000000088100000, 0x0000000088100000, 0x0000000088200000|  0%| F|  |TAMS 0x0000000088100000| PB 0x0000000088100000| Untracked 
| 130|0x0000000088200000, 0x0000000088200000, 0x0000000088300000|  0%| F|  |TAMS 0x0000000088200000| PB 0x0000000088200000| Untracked 
| 131|0x0000000088300000, 0x0000000088300000, 0x0000000088400000|  0%| F|  |TAMS 0x0000000088300000| PB 0x0000000088300000| Untracked 
| 132|0x0000000088400000, 0x0000000088400000, 0x0000000088500000|  0%| F|  |TAMS 0x0000000088400000| PB 0x0000000088400000| Untracked 
| 133|0x0000000088500000, 0x0000000088500000, 0x0000000088600000|  0%| F|  |TAMS 0x0000000088500000| PB 0x0000000088500000| Untracked 
| 134|0x0000000088600000, 0x0000000088600000, 0x0000000088700000|  0%| F|  |TAMS 0x0000000088600000| PB 0x0000000088600000| Untracked 
| 135|0x0000000088700000, 0x0000000088700000, 0x0000000088800000|  0%| F|  |TAMS 0x0000000088700000| PB 0x0000000088700000| Untracked 
| 136|0x0000000088800000, 0x0000000088800000, 0x0000000088900000|  0%| F|  |TAMS 0x0000000088800000| PB 0x0000000088800000| Untracked 
| 137|0x0000000088900000, 0x0000000088900000, 0x0000000088a00000|  0%| F|  |TAMS 0x0000000088900000| PB 0x0000000088900000| Untracked 
| 138|0x0000000088a00000, 0x0000000088a00000, 0x0000000088b00000|  0%| F|  |TAMS 0x0000000088a00000| PB 0x0000000088a00000| Untracked 
| 139|0x0000000088b00000, 0x0000000088b00000, 0x0000000088c00000|  0%| F|  |TAMS 0x0000000088b00000| PB 0x0000000088b00000| Untracked 
| 140|0x0000000088c00000, 0x0000000088c00000, 0x0000000088d00000|  0%| F|  |TAMS 0x0000000088c00000| PB 0x0000000088c00000| Untracked 
| 141|0x0000000088d00000, 0x0000000088d00000, 0x0000000088e00000|  0%| F|  |TAMS 0x0000000088d00000| PB 0x0000000088d00000| Untracked 
| 142|0x0000000088e00000, 0x0000000088e00000, 0x0000000088f00000|  0%| F|  |TAMS 0x0000000088e00000| PB 0x0000000088e00000| Untracked 
| 143|0x0000000088f00000, 0x0000000088f00000, 0x0000000089000000|  0%| F|  |TAMS 0x0000000088f00000| PB 0x0000000088f00000| Untracked 
| 144|0x0000000089000000, 0x0000000089000000, 0x0000000089100000|  0%| F|  |TAMS 0x0000000089000000| PB 0x0000000089000000| Untracked 
| 145|0x0000000089100000, 0x0000000089100000, 0x0000000089200000|  0%| F|  |TAMS 0x0000000089100000| PB 0x0000000089100000| Untracked 
| 146|0x0000000089200000, 0x0000000089200000, 0x0000000089300000|  0%| F|  |TAMS 0x0000000089200000| PB 0x0000000089200000| Untracked 
| 147|0x0000000089300000, 0x0000000089300000, 0x0000000089400000|  0%| F|  |TAMS 0x0000000089300000| PB 0x0000000089300000| Untracked 
| 148|0x0000000089400000, 0x0000000089400000, 0x0000000089500000|  0%| F|  |TAMS 0x0000000089400000| PB 0x0000000089400000| Untracked 
| 149|0x0000000089500000, 0x0000000089500000, 0x0000000089600000|  0%| F|  |TAMS 0x0000000089500000| PB 0x0000000089500000| Untracked 
| 150|0x0000000089600000, 0x0000000089600000, 0x0000000089700000|  0%| F|  |TAMS 0x0000000089600000| PB 0x0000000089600000| Untracked 
| 151|0x0000000089700000, 0x0000000089700000, 0x0000000089800000|  0%| F|  |TAMS 0x0000000089700000| PB 0x0000000089700000| Untracked 
| 152|0x0000000089800000, 0x0000000089800000, 0x0000000089900000|  0%| F|  |TAMS 0x0000000089800000| PB 0x0000000089800000| Untracked 
| 153|0x0000000089900000, 0x0000000089900000, 0x0000000089a00000|  0%| F|  |TAMS 0x0000000089900000| PB 0x0000000089900000| Untracked 
| 154|0x0000000089a00000, 0x0000000089a00000, 0x0000000089b00000|  0%| F|  |TAMS 0x0000000089a00000| PB 0x0000000089a00000| Untracked 
| 155|0x0000000089b00000, 0x0000000089b00000, 0x0000000089c00000|  0%| F|  |TAMS 0x0000000089b00000| PB 0x0000000089b00000| Untracked 
| 156|0x0000000089c00000, 0x0000000089c00000, 0x0000000089d00000|  0%| F|  |TAMS 0x0000000089c00000| PB 0x0000000089c00000| Untracked 
| 157|0x0000000089d00000, 0x0000000089d00000, 0x0000000089e00000|  0%| F|  |TAMS 0x0000000089d00000| PB 0x0000000089d00000| Untracked 
| 158|0x0000000089e00000, 0x0000000089e00000, 0x0000000089f00000|  0%| F|  |TAMS 0x0000000089e00000| PB 0x0000000089e00000| Untracked 
| 159|0x0000000089f00000, 0x0000000089f00000, 0x000000008a000000|  0%| F|  |TAMS 0x0000000089f00000| PB 0x0000000089f00000| Untracked 
| 160|0x000000008a000000, 0x000000008a000000, 0x000000008a100000|  0%| F|  |TAMS 0x000000008a000000| PB 0x000000008a000000| Untracked 
|2044|0x00000000ffc00000, 0x00000000ffd00000, 0x00000000ffd00000|100%| O|  |TAMS 0x00000000ffc00000| PB 0x00000000ffc00000| Untracked 
|2045|0x00000000ffd00000, 0x00000000ffe00000, 0x00000000ffe00000|100%| O|  |TAMS 0x00000000ffd00000| PB 0x00000000ffd00000| Untracked 
|2046|0x00000000ffe00000, 0x00000000fff00000, 0x00000000fff00000|100%| O|  |TAMS 0x00000000ffe00000| PB 0x00000000ffe00000| Untracked 
|2047|0x00000000fff00000, 0x0000000100000000, 0x0000000100000000|100%| O|  |TAMS 0x00000000fff00000| PB 0x00000000fff00000| Untracked 

Card table byte_map: [0x000002111dc00000,0x000002111e000000] _byte_map_base: 0x000002111d800000

Marking Bits: (CMBitMap*) 0x000002110add7f60
 Bits: [0x000002111e000000, 0x0000021120000000)

Polling page: 0x0000021108da0000

Metaspace:

Usage:
  Non-class:     64.17 MB used.
      Class:     10.08 MB used.
       Both:     74.25 MB used.

Virtual space:
  Non-class space:      128.00 MB reserved,      64.88 MB ( 51%) committed,  2 nodes.
      Class space:      416.00 MB reserved,      10.69 MB (  3%) committed,  1 nodes.
             Both:      544.00 MB reserved,      75.56 MB ( 14%) committed. 

Chunk freelists:
   Non-Class:  15.14 MB
       Class:  5.25 MB
        Both:  20.39 MB

MaxMetaspaceSize: 512.00 MB
CompressedClassSpaceSize: 416.00 MB
Initial GC threshold: 21.00 MB
Current GC threshold: 99.06 MB
CDS: on
 - commit_granule_bytes: 65536.
 - commit_granule_words: 8192.
 - virtual_space_node_default_size: 8388608.
 - enlarge_chunks_in_place: 1.
 - use_allocation_guard: 0.


Internal statistics:

num_allocs_failed_limit: 14.
num_arena_births: 2146.
num_arena_deaths: 2.
num_vsnodes_births: 3.
num_vsnodes_deaths: 0.
num_space_committed: 1207.
num_space_uncommitted: 0.
num_chunks_returned_to_freelist: 18.
num_chunks_taken_from_freelist: 5064.
num_chunk_merges: 9.
num_chunk_splits: 3586.
num_chunks_enlarged: 2590.
num_inconsistent_stats: 0.

CodeHeap 'non-profiled nmethods': size=119168Kb used=4886Kb max_used=4886Kb free=114281Kb
 bounds [0x0000021115b20000, 0x0000021115ff0000, 0x000002111cf80000]
CodeHeap 'profiled nmethods': size=119104Kb used=14543Kb max_used=14543Kb free=104560Kb
 bounds [0x000002110df80000, 0x000002110edc0000, 0x00000211153d0000]
CodeHeap 'non-nmethods': size=7488Kb used=4372Kb max_used=4391Kb free=3115Kb
 bounds [0x00000211153d0000, 0x0000021115820000, 0x0000021115b20000]
CodeCache: size=245760Kb, used=23801Kb, max_used=23820Kb, free=221956Kb
 total_blobs=8163, nmethods=7213, adapters=851, full_count=0
Compilation: enabled, stopped_count=0, restarted_count=0

Compilation events (20 events):
Event: 16.297 Thread 0x00000211482b0240 nmethod 8094 0x000002110edaed90 code [0x000002110edaef60, 0x000002110edaf3a8]
Event: 16.297 Thread 0x0000021147c960e0 nmethod 8092 0x000002110edaf510 code [0x000002110edaf6e0, 0x000002110edafbe8]
Event: 16.297 Thread 0x00000211482afb70 nmethod 8093 0x000002110edafd10 code [0x000002110edafee0, 0x000002110edb0388]
Event: 16.297 Thread 0x00000211482afb70 8096       3       java.lang.StringConcatHelper::prepend (22 bytes)
Event: 16.298 Thread 0x00000211482b0240 8097       1       javax.management.ObjectName::getCanonicalName (5 bytes)
Event: 16.298 Thread 0x0000021122fc7ab0 nmethod 8095 0x000002110edb0490 code [0x000002110edb0660, 0x000002110edb0ac8]
Event: 16.298 Thread 0x00000211482b0240 nmethod 8097 0x0000021115fe4a10 code [0x0000021115fe4ba0, 0x0000021115fe4c68]
Event: 16.298 Thread 0x00000211482afb70 nmethod 8096 0x000002110edb0c10 code [0x000002110edb0dc0, 0x000002110edb0f48]
Event: 16.304 Thread 0x0000021147c960e0 8098       3       sun.reflect.generics.repository.ConstructorRepository::parse (6 bytes)
Event: 16.304 Thread 0x0000021122fc7ab0 8099       3       sun.reflect.generics.repository.ConstructorRepository::parse (8 bytes)
Event: 16.304 Thread 0x00000211482afb70 8100       3       sun.reflect.generics.parser.SignatureParser::parseMethodSig (10 bytes)
Event: 16.304 Thread 0x0000021122fc7ab0 nmethod 8099 0x000002110edb1010 code [0x000002110edb11e0, 0x000002110edb15a8]
Event: 16.304 Thread 0x0000021147c960e0 nmethod 8098 0x000002110edb1710 code [0x000002110edb1900, 0x000002110edb1da8]
Event: 16.304 Thread 0x00000211482afb70 nmethod 8100 0x000002110edb1f90 code [0x000002110edb2140, 0x000002110edb2348]
Event: 16.308 Thread 0x00000211482afb70 8101       1       kotlin.collections.EmptyList::isEmpty (2 bytes)
Event: 16.308 Thread 0x00000211482afb70 nmethod 8101 0x0000021115fe4d10 code [0x0000021115fe4ea0, 0x0000021115fe4f68]
Event: 16.308 Thread 0x0000021122fc4960 8102       4       java.lang.Class::copyMethods (36 bytes)
Event: 16.315 Thread 0x0000021122fc4960 nmethod 8102 0x0000021115fe5010 code [0x0000021115fe51e0, 0x0000021115fe58f0]
Event: 16.315 Thread 0x00000211482afb70 8103       3       org.jetbrains.kotlin.container.ComponentStorage::collectAdhocComponents (190 bytes)
Event: 16.315 Thread 0x00000211482afb70 nmethod 8103 0x000002110edb2410 code [0x000002110edb2720, 0x000002110edb3cb8]

GC Heap History (20 events):
Event: 4.269 GC heap after
{Heap after GC invocations=7 (full 0):
 garbage-first heap   total 131072K, used 29919K [0x0000000080000000, 0x0000000100000000)
  region size 1024K, 7 young (7168K), 7 survivors (7168K)
 Metaspace       used 30756K, committed 31744K, reserved 491520K
  class space    used 4521K, committed 4992K, reserved 425984K
}
Event: 5.062 GC heap before
{Heap before GC invocations=7 (full 0):
 garbage-first heap   total 131072K, used 93407K [0x0000000080000000, 0x0000000100000000)
  region size 1024K, 71 young (72704K), 7 survivors (7168K)
 Metaspace       used 35002K, committed 35968K, reserved 491520K
  class space    used 5143K, committed 5632K, reserved 425984K
}
Event: 5.068 GC heap after
{Heap after GC invocations=8 (full 0):
 garbage-first heap   total 131072K, used 33995K [0x0000000080000000, 0x0000000100000000)
  region size 1024K, 5 young (5120K), 5 survivors (5120K)
 Metaspace       used 35002K, committed 35968K, reserved 491520K
  class space    used 5143K, committed 5632K, reserved 425984K
}
Event: 5.128 GC heap before
{Heap before GC invocations=8 (full 0):
 garbage-first heap   total 131072K, used 36043K [0x0000000080000000, 0x0000000100000000)
  region size 1024K, 8 young (8192K), 5 survivors (5120K)
 Metaspace       used 35400K, committed 36288K, reserved 491520K
  class space    used 5207K, committed 5632K, reserved 425984K
}
Event: 5.130 GC heap after
{Heap after GC invocations=9 (full 0):
 garbage-first heap   total 131072K, used 33275K [0x0000000080000000, 0x0000000100000000)
  region size 1024K, 4 young (4096K), 4 survivors (4096K)
 Metaspace       used 35400K, committed 36288K, reserved 491520K
  class space    used 5207K, committed 5632K, reserved 425984K
}
Event: 6.421 GC heap before
{Heap before GC invocations=10 (full 0):
 garbage-first heap   total 131072K, used 111099K [0x0000000080000000, 0x0000000100000000)
  region size 1024K, 76 young (77824K), 4 survivors (4096K)
 Metaspace       used 43665K, committed 44800K, reserved 491520K
  class space    used 6157K, committed 6720K, reserved 425984K
}
Event: 6.429 GC heap after
{Heap after GC invocations=11 (full 0):
 garbage-first heap   total 157696K, used 40783K [0x0000000080000000, 0x0000000100000000)
  region size 1024K, 10 young (10240K), 10 survivors (10240K)
 Metaspace       used 43665K, committed 44800K, reserved 491520K
  class space    used 6157K, committed 6720K, reserved 425984K
}
Event: 6.706 GC heap before
{Heap before GC invocations=11 (full 0):
 garbage-first heap   total 157696K, used 124751K [0x0000000080000000, 0x0000000100000000)
  region size 1024K, 92 young (94208K), 10 survivors (10240K)
 Metaspace       used 43673K, committed 44800K, reserved 491520K
  class space    used 6157K, committed 6720K, reserved 425984K
}
Event: 6.715 GC heap after
{Heap after GC invocations=12 (full 0):
 garbage-first heap   total 157696K, used 46167K [0x0000000080000000, 0x0000000100000000)
  region size 1024K, 6 young (6144K), 6 survivors (6144K)
 Metaspace       used 43673K, committed 44800K, reserved 491520K
  class space    used 6157K, committed 6720K, reserved 425984K
}
Event: 7.772 GC heap before
{Heap before GC invocations=12 (full 0):
 garbage-first heap   total 157696K, used 135255K [0x0000000080000000, 0x0000000100000000)
  region size 1024K, 92 young (94208K), 6 survivors (6144K)
 Metaspace       used 46896K, committed 48064K, reserved 491520K
  class space    used 6474K, committed 7040K, reserved 425984K
}
Event: 7.777 GC heap after
{Heap after GC invocations=13 (full 0):
 garbage-first heap   total 157696K, used 51207K [0x0000000080000000, 0x0000000100000000)
  region size 1024K, 10 young (10240K), 10 survivors (10240K)
 Metaspace       used 46896K, committed 48064K, reserved 491520K
  class space    used 6474K, committed 7040K, reserved 425984K
}
Event: 8.877 GC heap before
{Heap before GC invocations=13 (full 0):
 garbage-first heap   total 157696K, used 135175K [0x0000000080000000, 0x0000000100000000)
  region size 1024K, 92 young (94208K), 10 survivors (10240K)
 Metaspace       used 56023K, committed 57280K, reserved 491520K
  class space    used 8075K, committed 8640K, reserved 425984K
}
Event: 8.882 GC heap after
{Heap after GC invocations=14 (full 0):
 garbage-first heap   total 157696K, used 52436K [0x0000000080000000, 0x0000000100000000)
  region size 1024K, 8 young (8192K), 8 survivors (8192K)
 Metaspace       used 56023K, committed 57280K, reserved 491520K
  class space    used 8075K, committed 8640K, reserved 425984K
}
Event: 10.275 GC heap before
{Heap before GC invocations=14 (full 0):
 garbage-first heap   total 157696K, used 74964K [0x0000000080000000, 0x0000000100000000)
  region size 1024K, 31 young (31744K), 8 survivors (8192K)
 Metaspace       used 59540K, committed 60736K, reserved 491520K
  class space    used 8517K, committed 9088K, reserved 425984K
}
Event: 10.278 GC heap after
{Heap after GC invocations=15 (full 0):
 garbage-first heap   total 157696K, used 52799K [0x0000000080000000, 0x0000000100000000)
  region size 1024K, 4 young (4096K), 4 survivors (4096K)
 Metaspace       used 59540K, committed 60736K, reserved 491520K
  class space    used 8517K, committed 9088K, reserved 425984K
}
Event: 11.352 GC heap before
{Heap before GC invocations=16 (full 0):
 garbage-first heap   total 157696K, used 150079K [0x0000000080000000, 0x0000000100000000)
  region size 1024K, 92 young (94208K), 4 survivors (4096K)
 Metaspace       used 66973K, committed 68288K, reserved 491520K
  class space    used 9414K, committed 10048K, reserved 425984K
}
Event: 13.382 GC heap after
{Heap after GC invocations=17 (full 0):
 garbage-first heap   total 168960K, used 67376K [0x0000000080000000, 0x0000000100000000)
  region size 1024K, 12 young (12288K), 12 survivors (12288K)
 Metaspace       used 66973K, committed 68288K, reserved 491520K
  class space    used 9414K, committed 10048K, reserved 425984K
}
Event: 13.388 GC heap before
{Heap before GC invocations=17 (full 0):
 garbage-first heap   total 168960K, used 68400K [0x0000000080000000, 0x0000000100000000)
  region size 1024K, 13 young (13312K), 12 survivors (12288K)
 Metaspace       used 66994K, committed 68352K, reserved 491520K
  class space    used 9415K, committed 10048K, reserved 425984K
}
Event: 13.393 GC heap after
{Heap after GC invocations=18 (full 0):
 garbage-first heap   total 168960K, used 68435K [0x0000000080000000, 0x0000000100000000)
  region size 1024K, 2 young (2048K), 2 survivors (2048K)
 Metaspace       used 66994K, committed 68352K, reserved 491520K
  class space    used 9415K, committed 10048K, reserved 425984K
}
Event: 16.334 GC heap before
{Heap before GC invocations=18 (full 0):
 garbage-first heap   total 168960K, used 152403K [0x0000000080000000, 0x0000000100000000)
  region size 1024K, 78 young (79872K), 2 survivors (2048K)
 Metaspace       used 76035K, committed 77376K, reserved 557056K
  class space    used 10321K, committed 10944K, reserved 425984K
}

Dll operation events (14 events):
Event: 0.007 Loaded shared library C:\Users\malin\.antigravity\extensions\redhat.java-1.51.0-win32-x64\jre\21.0.9-win32-x86_64\bin\java.dll
Event: 0.052 Loaded shared library C:\Users\malin\.antigravity\extensions\redhat.java-1.51.0-win32-x64\jre\21.0.9-win32-x86_64\bin\zip.dll
Event: 0.065 Loaded shared library C:\Users\malin\.antigravity\extensions\redhat.java-1.51.0-win32-x64\jre\21.0.9-win32-x86_64\bin\instrument.dll
Event: 0.068 Loaded shared library C:\Users\malin\.antigravity\extensions\redhat.java-1.51.0-win32-x64\jre\21.0.9-win32-x86_64\bin\net.dll
Event: 0.070 Loaded shared library C:\Users\malin\.antigravity\extensions\redhat.java-1.51.0-win32-x64\jre\21.0.9-win32-x86_64\bin\nio.dll
Event: 0.072 Loaded shared library C:\Users\malin\.antigravity\extensions\redhat.java-1.51.0-win32-x64\jre\21.0.9-win32-x86_64\bin\zip.dll
Event: 0.260 Loaded shared library C:\Users\malin\.antigravity\extensions\redhat.java-1.51.0-win32-x64\jre\21.0.9-win32-x86_64\bin\jimage.dll
Event: 0.360 Loaded shared library C:\Users\malin\.antigravity\extensions\redhat.java-1.51.0-win32-x64\jre\21.0.9-win32-x86_64\bin\verify.dll
Event: 0.443 Loaded shared library C:\Users\malin\.gradle\native\1def1411415f61bf3af743bc5b6707747c0891f09f0c88961ee8f79bc544acac\windows-amd64\native-platform.dll
Event: 0.457 Loaded shared library C:\Users\malin\.gradle\native\0.2.7\x86_64-windows-gnu\gradle-fileevents.dll
Event: 1.250 Loaded shared library C:\Users\malin\.antigravity\extensions\redhat.java-1.51.0-win32-x64\jre\21.0.9-win32-x86_64\bin\management.dll
Event: 1.252 Loaded shared library C:\Users\malin\.antigravity\extensions\redhat.java-1.51.0-win32-x64\jre\21.0.9-win32-x86_64\bin\management_ext.dll
Event: 1.366 Loaded shared library C:\Users\malin\.antigravity\extensions\redhat.java-1.51.0-win32-x64\jre\21.0.9-win32-x86_64\bin\extnet.dll
Event: 1.520 Loaded shared library C:\Users\malin\.antigravity\extensions\redhat.java-1.51.0-win32-x64\jre\21.0.9-win32-x86_64\bin\sunmscapi.dll

Deoptimization events (20 events):
Event: 15.671 Thread 0x000002114304eb20 Uncommon trap: trap_request=0xffffffde fr.pc=0x0000021115cacaa0 relative=0x00000000000004a0
Event: 15.671 Thread 0x000002114304eb20 Uncommon trap: reason=class_check action=maybe_recompile pc=0x0000021115cacaa0 method=org.jetbrains.kotlin.protobuf.CodedInputStream.tryRefillBuffer(I)Z @ 177 c2
Event: 15.671 Thread 0x000002114304eb20 DEOPT PACKING pc=0x0000021115cacaa0 sp=0x000000bb458f4350
Event: 15.672 Thread 0x000002114304eb20 DEOPT UNPACKING pc=0x0000021115424422 sp=0x000000bb458f4238 mode 2
Event: 15.672 Thread 0x000002114304eb20 Uncommon trap: trap_request=0xffffffde fr.pc=0x0000021115cacaa0 relative=0x00000000000004a0
Event: 15.672 Thread 0x000002114304eb20 Uncommon trap: reason=class_check action=maybe_recompile pc=0x0000021115cacaa0 method=org.jetbrains.kotlin.protobuf.CodedInputStream.tryRefillBuffer(I)Z @ 177 c2
Event: 15.672 Thread 0x000002114304eb20 DEOPT PACKING pc=0x0000021115cacaa0 sp=0x000000bb458f4350
Event: 15.672 Thread 0x000002114304eb20 DEOPT UNPACKING pc=0x0000021115424422 sp=0x000000bb458f4238 mode 2
Event: 15.791 Thread 0x000002114304eb20 Uncommon trap: trap_request=0xffffff76 fr.pc=0x0000021115f5ca7c relative=0x00000000000001dc
Event: 15.791 Thread 0x000002114304eb20 Uncommon trap: reason=predicate action=maybe_recompile pc=0x0000021115f5ca7c method=java.util.LinkedHashMap.keysToArray([Ljava/lang/Object;Z)[Ljava/lang/Object; @ 53 c2
Event: 15.791 Thread 0x000002114304eb20 DEOPT PACKING pc=0x0000021115f5ca7c sp=0x000000bb458f0f60
Event: 15.791 Thread 0x000002114304eb20 DEOPT UNPACKING pc=0x0000021115424422 sp=0x000000bb458f0f10 mode 2
Event: 15.791 Thread 0x000002114304eb20 Uncommon trap: trap_request=0xffffffbe fr.pc=0x0000021115f5ba9c relative=0x000000000000027c
Event: 15.791 Thread 0x000002114304eb20 Uncommon trap: reason=profile_predicate action=maybe_recompile pc=0x0000021115f5ba9c method=java.util.LinkedHashMap.keysToArray([Ljava/lang/Object;Z)[Ljava/lang/Object; @ 51 c2
Event: 15.791 Thread 0x000002114304eb20 DEOPT PACKING pc=0x0000021115f5ba9c sp=0x000000bb458f0f60
Event: 15.791 Thread 0x000002114304eb20 DEOPT UNPACKING pc=0x0000021115424422 sp=0x000000bb458f0f18 mode 2
Event: 15.873 Thread 0x000002114304eb20 Uncommon trap: trap_request=0xffffffcc fr.pc=0x0000021115c9e8ac relative=0x000000000000036c
Event: 15.873 Thread 0x000002114304eb20 Uncommon trap: reason=intrinsic_or_type_checked_inlining action=make_not_entrant pc=0x0000021115c9e8ac method=java.util.ArrayList.toArray([Ljava/lang/Object;)[Ljava/lang/Object; @ 36 c2
Event: 15.873 Thread 0x000002114304eb20 DEOPT PACKING pc=0x0000021115c9e8ac sp=0x000000bb458f1930
Event: 15.873 Thread 0x000002114304eb20 DEOPT UNPACKING pc=0x0000021115424422 sp=0x000000bb458f1910 mode 2

Classes loaded (20 events):
Event: 10.889 Loading class sun/nio/cs/MS1251
Event: 10.889 Loading class sun/nio/cs/MS1251 done
Event: 10.957 Loading class java/util/PrimitiveIterator$OfInt
Event: 10.957 Loading class java/util/PrimitiveIterator
Event: 10.958 Loading class java/util/PrimitiveIterator done
Event: 10.958 Loading class java/util/PrimitiveIterator$OfInt done
Event: 11.075 Loading class java/beans/PropertyChangeSupport
Event: 11.075 Loading class java/beans/PropertyChangeSupport done
Event: 11.075 Loading class java/beans/PropertyChangeSupport$PropertyChangeListenerMap
Event: 11.075 Loading class java/beans/ChangeListenerMap
Event: 11.075 Loading class java/beans/ChangeListenerMap done
Event: 11.075 Loading class java/beans/PropertyChangeSupport$PropertyChangeListenerMap done
Event: 11.131 Loading class java/util/zip/ZipFile$ZipEntryIterator
Event: 11.131 Loading class java/util/zip/ZipFile$ZipEntryIterator done
Event: 13.382 Loading class java/util/concurrent/LinkedBlockingDeque$Itr
Event: 13.382 Loading class java/util/concurrent/LinkedBlockingDeque$AbstractItr
Event: 13.382 Loading class java/util/concurrent/LinkedBlockingDeque$AbstractItr done
Event: 13.382 Loading class java/util/concurrent/LinkedBlockingDeque$Itr done
Event: 13.422 Loading class java/util/regex/Pattern$Bound
Event: 13.422 Loading class java/util/regex/Pattern$Bound done

Classes unloaded (3 events):
Event: 10.297 Thread 0x0000021122f92e90 Unloading class 0x0000021124608928 '_BuildScript_$_run_closure1$_closure2'
Event: 10.297 Thread 0x0000021122f92e90 Unloading class 0x0000021124608538 '_BuildScript_$_run_closure1'
Event: 10.297 Thread 0x0000021122f92e90 Unloading class 0x0000021124608000 '_BuildScript_'

Classes redefined (0 events):
No events

Internal exceptions (20 events):
Event: 10.055 Thread 0x000002114304eb20 Exception <a 'java/lang/NoSuchMethodError'{0x0000000088f200b0}: 'long java.lang.invoke.DirectMethodHandle$Holder.invokeStaticInit(java.lang.Object)'> (0x0000000088f200b0) 
thrown [s\src\hotspot\share\interpreter\linkResolver.cpp, line 773]
Event: 10.118 Thread 0x000002114304eb20 Exception <a 'java/lang/NoSuchMethodError'{0x0000000088b55e20}: 'void java.lang.invoke.DirectMethodHandle$Holder.invokeStaticInit(java.lang.Object)'> (0x0000000088b55e20) 
thrown [s\src\hotspot\share\interpreter\linkResolver.cpp, line 773]
Event: 10.127 Thread 0x000002114304eb20 Exception <a 'java/lang/NoSuchMethodError'{0x0000000088bd9b50}: 'void java.lang.invoke.DelegatingMethodHandle$Holder.reinvoke_L(java.lang.Object, java.lang.Object, java.lang.Object, long, java.lang.Object)'> (0x0000000088bd9b50) 
thrown [s\src\hotspot\share\interpreter\linkResolver.cpp, line 773]
Event: 10.128 Thread 0x000002114304eb20 Exception <a 'java/lang/NoSuchMethodError'{0x0000000088be2210}: 'java.lang.Object java.lang.invoke.DirectMethodHandle$Holder.invokeSpecial(java.lang.Object, java.lang.Object, java.lang.Object, java.lang.Object, long)'> (0x0000000088be2210) 
thrown [s\src\hotspot\share\interpreter\linkResolver.cpp, line 773]
Event: 10.128 Thread 0x000002114304eb20 Exception <a 'java/lang/NoSuchMethodError'{0x0000000088bf22e0}: 'int java.lang.invoke.DelegatingMethodHandle$Holder.reinvoke_L(java.lang.Object, java.lang.Object, java.lang.Object, long, java.lang.Object, java.lang.Object)'> (0x0000000088bf22e0) 
thrown [s\src\hotspot\share\interpreter\linkResolver.cpp, line 773]
Event: 10.129 Thread 0x000002114304eb20 Exception <a 'java/lang/NoSuchMethodError'{0x0000000088a01f00}: 'int java.lang.invoke.DelegatingMethodHandle$Holder.reinvoke_L(java.lang.Object, java.lang.Object, java.lang.Object, long, int, int)'> (0x0000000088a01f00) 
thrown [s\src\hotspot\share\interpreter\linkResolver.cpp, line 773]
Event: 10.129 Thread 0x000002114304eb20 Exception <a 'java/lang/NoSuchMethodError'{0x0000000088a11690}: 'int java.lang.invoke.DelegatingMethodHandle$Holder.reinvoke_L(java.lang.Object, java.lang.Object, java.lang.Object, long, long, long)'> (0x0000000088a11690) 
thrown [s\src\hotspot\share\interpreter\linkResolver.cpp, line 773]
Event: 10.129 Thread 0x000002114304eb20 Exception <a 'java/lang/NoSuchMethodError'{0x0000000088a20ac8}: 'int java.lang.invoke.DelegatingMethodHandle$Holder.reinvoke_L(java.lang.Object, java.lang.Object, java.lang.Object, long, int)'> (0x0000000088a20ac8) 
thrown [s\src\hotspot\share\interpreter\linkResolver.cpp, line 773]
Event: 10.130 Thread 0x000002114304eb20 Exception <a 'java/lang/NoSuchMethodError'{0x0000000088a37458}: 'void java.lang.invoke.DelegatingMethodHandle$Holder.reinvoke_L(java.lang.Object, java.lang.Object, java.lang.Object, long, java.lang.Object, long, long)'> (0x0000000088a37458) 
thrown [s\src\hotspot\share\interpreter\linkResolver.cpp, line 773]
Event: 10.130 Thread 0x000002114304eb20 Exception <a 'java/lang/NoSuchMethodError'{0x0000000088a3f670}: 'long java.lang.invoke.Invokers$Holder.invokeExact_MT(java.lang.Object, java.lang.Object, java.lang.Object)'> (0x0000000088a3f670) 
thrown [s\src\hotspot\share\interpreter\linkResolver.cpp, line 773]
Event: 10.131 Thread 0x000002114304eb20 Exception <a 'java/lang/NoSuchMethodError'{0x0000000088a44478}: 'int java.lang.invoke.Invokers$Holder.invokeExact_MT(java.lang.Object, java.lang.Object, java.lang.Object)'> (0x0000000088a44478) 
thrown [s\src\hotspot\share\interpreter\linkResolver.cpp, line 773]
Event: 10.745 Thread 0x000002114304eb20 Implicit null exception at 0x0000021115c6caf2 to 0x0000021115c6cd70
Event: 10.745 Thread 0x000002114304eb20 Exception <a 'java/lang/NoSuchMethodError'{0x0000000087a29420}: 'int java.lang.invoke.DirectMethodHandle$Holder.invokeSpecial(java.lang.Object, java.lang.Object, java.lang.Object, int)'> (0x0000000087a29420) 
thrown [s\src\hotspot\share\interpreter\linkResolver.cpp, line 773]
Event: 10.746 Thread 0x000002114304eb20 Exception <a 'java/lang/NoSuchMethodError'{0x0000000087a3af60}: 'java.lang.Object java.lang.invoke.DirectMethodHandle$Holder.invokeStatic(java.lang.Object, java.lang.Object, java.lang.Object, java.lang.Object, int)'> (0x0000000087a3af60) 
thrown [s\src\hotspot\share\interpreter\linkResolver.cpp, line 773]
Event: 10.747 Thread 0x000002114304eb20 Exception <a 'java/lang/NoSuchMethodError'{0x0000000087a43c88}: 'long java.lang.invoke.DirectMethodHandle$Holder.invokeStatic(java.lang.Object, java.lang.Object, int)'> (0x0000000087a43c88) 
thrown [s\src\hotspot\share\interpreter\linkResolver.cpp, line 773]
Event: 10.747 Thread 0x000002114304eb20 Exception <a 'java/lang/NoSuchMethodError'{0x0000000087a504d8}: 'java.lang.Object java.lang.invoke.DelegatingMethodHandle$Holder.reinvoke_L(java.lang.Object, int, long, java.lang.Object, java.lang.Object, int, java.lang.Object)'> (0x0000000087a504d8) 
thrown [s\src\hotspot\share\interpreter\linkResolver.cpp, line 773]
Event: 11.018 Thread 0x000002114304eb20 Exception <a 'java/lang/NoSuchMethodError'{0x000000008672b670}: 'java.lang.Object java.lang.invoke.Invokers$Holder.invokeExact_MT(java.lang.Object, java.lang.Object, long, java.lang.Object)'> (0x000000008672b670) 
thrown [s\src\hotspot\share\interpreter\linkResolver.cpp, line 773]
Event: 11.131 Thread 0x000002114304eb20 Implicit null exception at 0x0000021115d17e89 to 0x0000021115d18e34
Event: 11.327 Thread 0x000002114304eb20 Implicit null exception at 0x0000021115ca0f4f to 0x0000021115ca2f14
Event: 11.327 Thread 0x000002114304eb20 Implicit null exception at 0x0000021115d58cac to 0x0000021115d59b44

ZGC Phase Switch (0 events):
No events

VM Operations (20 events):
Event: 10.315 Executing VM operation: G1PauseCleanup done
Event: 10.964 Executing VM operation: HandshakeAllThreads (Deoptimize)
Event: 10.964 Executing VM operation: HandshakeAllThreads (Deoptimize) done
Event: 11.069 Executing VM operation: HandshakeAllThreads (Deoptimize)
Event: 11.069 Executing VM operation: HandshakeAllThreads (Deoptimize) done
Event: 11.253 Executing VM operation: HandshakeAllThreads (Deoptimize)
Event: 11.253 Executing VM operation: HandshakeAllThreads (Deoptimize) done
Event: 11.352 Executing VM operation: G1CollectForAllocation (G1 Evacuation Pause)
Event: 13.382 Executing VM operation: G1CollectForAllocation (G1 Evacuation Pause) done
Event: 13.388 Executing VM operation: G1CollectForAllocation (G1 Evacuation Pause)
Event: 13.393 Executing VM operation: G1CollectForAllocation (G1 Evacuation Pause) done
Event: 13.406 Executing VM operation: HandshakeAllThreads (Deoptimize)
Event: 13.406 Executing VM operation: HandshakeAllThreads (Deoptimize) done
Event: 13.408 Executing VM operation: HandshakeAllThreads (Deoptimize)
Event: 13.427 Executing VM operation: HandshakeAllThreads (Deoptimize) done
Event: 14.439 Executing VM operation: Cleanup
Event: 14.626 Executing VM operation: Cleanup done
Event: 15.637 Executing VM operation: Cleanup
Event: 15.637 Executing VM operation: Cleanup done
Event: 16.334 Executing VM operation: G1CollectForAllocation (G1 Evacuation Pause)

Memory protections (0 events):
No events

Nmethod flushes (20 events):
Event: 10.304 Thread 0x0000021122f92e90 flushing  nmethod 0x000002110dfa7390
Event: 10.304 Thread 0x0000021122f92e90 flushing  nmethod 0x000002110dfd3110
Event: 10.304 Thread 0x0000021122f92e90 flushing  nmethod 0x000002110e01a310
Event: 10.304 Thread 0x0000021122f92e90 flushing  nmethod 0x000002110e076d10
Event: 10.304 Thread 0x0000021122f92e90 flushing  nmethod 0x000002110e215490
Event: 10.304 Thread 0x0000021122f92e90 flushing  nmethod 0x000002110e216d90
Event: 10.304 Thread 0x0000021122f92e90 flushing  nmethod 0x000002110e217210
Event: 10.304 Thread 0x0000021122f92e90 flushing  nmethod 0x000002110e21a890
Event: 10.304 Thread 0x0000021122f92e90 flushing  nmethod 0x000002110e222a90
Event: 10.304 Thread 0x0000021122f92e90 flushing  nmethod 0x000002110e223b10
Event: 10.304 Thread 0x0000021122f92e90 flushing  nmethod 0x000002110e251510
Event: 10.304 Thread 0x0000021122f92e90 flushing  nmethod 0x000002110e4e1f90
Event: 10.304 Thread 0x0000021122f92e90 flushing  nmethod 0x000002110e4efb90
Event: 10.304 Thread 0x0000021122f92e90 flushing  nmethod 0x000002110e4f1510
Event: 10.304 Thread 0x0000021122f92e90 flushing  nmethod 0x000002110e4f2f90
Event: 10.304 Thread 0x0000021122f92e90 flushing  nmethod 0x000002110e604090
Event: 10.304 Thread 0x0000021122f92e90 flushing  nmethod 0x000002110e859190
Event: 10.304 Thread 0x0000021122f92e90 flushing  nmethod 0x000002110e85d910
Event: 10.304 Thread 0x0000021122f92e90 flushing  nmethod 0x000002110e85e010
Event: 10.304 Thread 0x0000021122f92e90 flushing  nmethod 0x000002110e86f690

Events (20 events):
Event: 11.163 Thread 0x0000021122fc4960 Thread added: 0x00000211482b0910
Event: 11.166 Thread 0x00000211482ad960 Thread added: 0x00000211482ae030
Event: 11.166 Thread 0x00000211482ad960 Thread added: 0x00000211482afb70
Event: 13.383 Thread 0x00000211482b0240 Thread exited: 0x00000211482b0240
Event: 13.383 Thread 0x0000021147c97550 Thread exited: 0x0000021147c97550
Event: 13.402 Thread 0x0000021122fc7ab0 Thread added: 0x00000211482ae700
Event: 13.402 Thread 0x0000021122fc7ab0 Thread added: 0x00000211482b2450
Event: 13.557 Thread 0x00000211482afb70 Thread exited: 0x00000211482afb70
Event: 13.568 Thread 0x00000211482ae030 Thread exited: 0x00000211482ae030
Event: 13.568 Thread 0x00000211482b0910 Thread exited: 0x00000211482b0910
Event: 13.568 Thread 0x00000211482af4a0 Thread exited: 0x00000211482af4a0
Event: 14.646 Thread 0x00000211482b16b0 Thread exited: 0x00000211482b16b0
Event: 14.646 Thread 0x00000211482b2450 Thread exited: 0x00000211482b2450
Event: 14.646 Thread 0x00000211482ae700 Thread exited: 0x00000211482ae700
Event: 14.646 Thread 0x00000211482b0fe0 Thread exited: 0x00000211482b0fe0
Event: 14.655 Thread 0x00000211482ad960 Thread exited: 0x00000211482ad960
Event: 15.561 Thread 0x0000021147c960e0 Thread added: 0x00000211482b0240
Event: 15.561 Thread 0x0000021147c960e0 Thread added: 0x00000211482afb70
Event: 15.697 Thread 0x0000021147c960e0 Thread added: 0x00000211482b0910
Event: 16.256 Thread 0x00000211482b0910 Thread exited: 0x00000211482b0910


Dynamic libraries:
0x00007ff64d870000 - 0x00007ff64d87e000 	C:\Users\malin\.antigravity\extensions\redhat.java-1.51.0-win32-x64\jre\21.0.9-win32-x86_64\bin\java.exe
0x00007ff977780000 - 0x00007ff9779e7000 	C:\WINDOWS\SYSTEM32\ntdll.dll
0x00007ff976bf0000 - 0x00007ff976cb9000 	C:\WINDOWS\System32\KERNEL32.DLL
0x00007ff974f40000 - 0x00007ff97532f000 	C:\WINDOWS\System32\KERNELBASE.dll
0x00007ff9748d0000 - 0x00007ff974a1b000 	C:\WINDOWS\System32\ucrtbase.dll
0x00007ff96fa60000 - 0x00007ff96fa78000 	C:\Users\malin\.antigravity\extensions\redhat.java-1.51.0-win32-x64\jre\21.0.9-win32-x86_64\bin\jli.dll
0x00007ff971830000 - 0x00007ff97184e000 	C:\Users\malin\.antigravity\extensions\redhat.java-1.51.0-win32-x64\jre\21.0.9-win32-x86_64\bin\VCRUNTIME140.dll
0x00007ff976a20000 - 0x00007ff976be5000 	C:\WINDOWS\System32\USER32.dll
0x00007ff974e80000 - 0x00007ff974ea7000 	C:\WINDOWS\System32\win32u.dll
0x00007ff961fa0000 - 0x00007ff962233000 	C:\WINDOWS\WinSxS\amd64_microsoft.windows.common-controls_6595b64144ccf1df_6.0.26100.7309_none_3e05feeae336a044\COMCTL32.dll
0x00007ff975640000 - 0x00007ff97566b000 	C:\WINDOWS\System32\GDI32.dll
0x00007ff9773e0000 - 0x00007ff977489000 	C:\WINDOWS\System32\msvcrt.dll
0x00007ff9753f0000 - 0x00007ff97551c000 	C:\WINDOWS\System32\gdi32full.dll
0x00007ff975340000 - 0x00007ff9753e3000 	C:\WINDOWS\System32\msvcp_win.dll
0x00007ff977700000 - 0x00007ff977731000 	C:\WINDOWS\System32\IMM32.DLL
0x00007ff96f8c0000 - 0x00007ff96f8cc000 	C:\Users\malin\.antigravity\extensions\redhat.java-1.51.0-win32-x64\jre\21.0.9-win32-x86_64\bin\vcruntime140_1.dll
0x00007ff968520000 - 0x00007ff9685ad000 	C:\Users\malin\.antigravity\extensions\redhat.java-1.51.0-win32-x64\jre\21.0.9-win32-x86_64\bin\msvcp140.dll
0x00007ff8ce720000 - 0x00007ff8cf4c0000 	C:\Users\malin\.antigravity\extensions\redhat.java-1.51.0-win32-x64\jre\21.0.9-win32-x86_64\bin\server\jvm.dll
0x00007ff975520000 - 0x00007ff9755d4000 	C:\WINDOWS\System32\ADVAPI32.dll
0x00007ff976ea0000 - 0x00007ff976f46000 	C:\WINDOWS\System32\sechost.dll
0x00007ff975670000 - 0x00007ff975788000 	C:\WINDOWS\System32\RPCRT4.dll
0x00007ff9758f0000 - 0x00007ff975964000 	C:\WINDOWS\System32\WS2_32.dll
0x00007ff96dab0000 - 0x00007ff96dae5000 	C:\WINDOWS\SYSTEM32\WINMM.dll
0x00007ff974730000 - 0x00007ff97478e000 	C:\WINDOWS\SYSTEM32\POWRPROF.dll
0x00007ff96daf0000 - 0x00007ff96dafb000 	C:\WINDOWS\SYSTEM32\VERSION.dll
0x00007ff974710000 - 0x00007ff974724000 	C:\WINDOWS\SYSTEM32\UMPDC.dll
0x00007ff973680000 - 0x00007ff97369b000 	C:\WINDOWS\SYSTEM32\kernel.appcore.dll
0x00007ff96b910000 - 0x00007ff96b91a000 	C:\Users\malin\.antigravity\extensions\redhat.java-1.51.0-win32-x64\jre\21.0.9-win32-x86_64\bin\jimage.dll
0x00007ff969500000 - 0x00007ff969742000 	C:\WINDOWS\SYSTEM32\DBGHELP.DLL
0x00007ff976530000 - 0x00007ff9768b6000 	C:\WINDOWS\System32\combase.dll
0x00007ff9768c0000 - 0x00007ff976996000 	C:\WINDOWS\System32\OLEAUT32.dll
0x00007ff95fe50000 - 0x00007ff95fe8c000 	C:\WINDOWS\SYSTEM32\dbgcore.DLL
0x00007ff974c60000 - 0x00007ff974d05000 	C:\WINDOWS\System32\bcryptPrimitives.dll
0x00007ff96b900000 - 0x00007ff96b90f000 	C:\Users\malin\.antigravity\extensions\redhat.java-1.51.0-win32-x64\jre\21.0.9-win32-x86_64\bin\instrument.dll
0x00007ff968ee0000 - 0x00007ff968f00000 	C:\Users\malin\.antigravity\extensions\redhat.java-1.51.0-win32-x64\jre\21.0.9-win32-x86_64\bin\java.dll
0x00007ff975dd0000 - 0x00007ff976523000 	C:\WINDOWS\System32\SHELL32.dll
0x00007ff974d10000 - 0x00007ff974e7a000 	C:\WINDOWS\System32\wintypes.dll
0x00007ff9724c0000 - 0x00007ff972d1e000 	C:\WINDOWS\SYSTEM32\windows.storage.dll
0x00007ff975bd0000 - 0x00007ff975cc5000 	C:\WINDOWS\System32\SHCORE.dll
0x00007ff9769b0000 - 0x00007ff976a16000 	C:\WINDOWS\System32\shlwapi.dll
0x00007ff9747f0000 - 0x00007ff974819000 	C:\WINDOWS\SYSTEM32\profapi.dll
0x00007ff968d00000 - 0x00007ff968d18000 	C:\Users\malin\.antigravity\extensions\redhat.java-1.51.0-win32-x64\jre\21.0.9-win32-x86_64\bin\zip.dll
0x00007ff96b820000 - 0x00007ff96b830000 	C:\Users\malin\.antigravity\extensions\redhat.java-1.51.0-win32-x64\jre\21.0.9-win32-x86_64\bin\net.dll
0x00007ff96e620000 - 0x00007ff96e748000 	C:\WINDOWS\SYSTEM32\WINHTTP.dll
0x00007ff973bf0000 - 0x00007ff973c5b000 	C:\WINDOWS\system32\mswsock.dll
0x00007ff968ce0000 - 0x00007ff968cf6000 	C:\Users\malin\.antigravity\extensions\redhat.java-1.51.0-win32-x64\jre\21.0.9-win32-x86_64\bin\nio.dll
0x00007ff969220000 - 0x00007ff969230000 	C:\Users\malin\.antigravity\extensions\redhat.java-1.51.0-win32-x64\jre\21.0.9-win32-x86_64\bin\verify.dll
0x00007ff964780000 - 0x00007ff9647a7000 	C:\Users\malin\.gradle\native\1def1411415f61bf3af743bc5b6707747c0891f09f0c88961ee8f79bc544acac\windows-amd64\native-platform.dll
0x00007ff92ce30000 - 0x00007ff92cea8000 	C:\Users\malin\.gradle\native\0.2.7\x86_64-windows-gnu\gradle-fileevents.dll
0x00007ff968ea0000 - 0x00007ff968eaa000 	C:\Users\malin\.antigravity\extensions\redhat.java-1.51.0-win32-x64\jre\21.0.9-win32-x86_64\bin\management.dll
0x00007ff968cd0000 - 0x00007ff968cdc000 	C:\Users\malin\.antigravity\extensions\redhat.java-1.51.0-win32-x64\jre\21.0.9-win32-x86_64\bin\management_ext.dll
0x00007ff976e90000 - 0x00007ff976e98000 	C:\WINDOWS\System32\PSAPI.DLL
0x00007ff973040000 - 0x00007ff973074000 	C:\WINDOWS\SYSTEM32\IPHLPAPI.DLL
0x00007ff977490000 - 0x00007ff97749a000 	C:\WINDOWS\System32\NSI.dll
0x00007ff968c60000 - 0x00007ff968c69000 	C:\Users\malin\.antigravity\extensions\redhat.java-1.51.0-win32-x64\jre\21.0.9-win32-x86_64\bin\extnet.dll
0x00007ff973eb0000 - 0x00007ff973ecb000 	C:\WINDOWS\SYSTEM32\CRYPTSP.dll
0x00007ff9735c0000 - 0x00007ff9735fa000 	C:\WINDOWS\system32\rsaenh.dll
0x00007ff973ca0000 - 0x00007ff973ccb000 	C:\WINDOWS\SYSTEM32\USERENV.dll
0x00007ff9747c0000 - 0x00007ff9747ea000 	C:\WINDOWS\SYSTEM32\bcrypt.dll
0x00007ff973ed0000 - 0x00007ff973edc000 	C:\WINDOWS\SYSTEM32\CRYPTBASE.dll
0x00007ff968c70000 - 0x00007ff968c7e000 	C:\Users\malin\.antigravity\extensions\redhat.java-1.51.0-win32-x64\jre\21.0.9-win32-x86_64\bin\sunmscapi.dll
0x00007ff974ae0000 - 0x00007ff974c57000 	C:\WINDOWS\System32\CRYPT32.dll
0x00007ff9740d0000 - 0x00007ff974100000 	C:\WINDOWS\SYSTEM32\ncrypt.dll
0x00007ff974080000 - 0x00007ff9740bf000 	C:\WINDOWS\SYSTEM32\NTASN1.dll
0x00007ff9718d0000 - 0x00007ff9718d8000 	C:\WINDOWS\system32\wshunix.dll
0x00007ff9737a0000 - 0x00007ff9737d6000 	C:\WINDOWS\SYSTEM32\ntmarta.dll

JVMTI agents:
C:\Users\malin\.gradle\wrapper\dists\gradle-8.13-bin\5xuhj0ry160q40clulazy9h7d\gradle-8.13\lib\agents\gradle-instrumentation-agent-8.13.jar path:C:\Users\malin\.antigravity\extensions\redhat.java-1.51.0-win32-x64\jre\21.0.9-win32-x86_64\bin\instrument.dll, loaded, initialized, instrumentlib options:none

dbghelp: loaded successfully - version: 4.0.5 - missing functions: none
symbol engine: initialized successfully - sym options: 0x614 - pdb path: .;C:\Users\malin\.antigravity\extensions\redhat.java-1.51.0-win32-x64\jre\21.0.9-win32-x86_64\bin;C:\WINDOWS\SYSTEM32;C:\WINDOWS\WinSxS\amd64_microsoft.windows.common-controls_6595b64144ccf1df_6.0.26100.7309_none_3e05feeae336a044;C:\Users\malin\.antigravity\extensions\redhat.java-1.51.0-win32-x64\jre\21.0.9-win32-x86_64\bin\server;C:\Users\malin\.gradle\native\1def1411415f61bf3af743bc5b6707747c0891f09f0c88961ee8f79bc544acac\windows-amd64;C:\Users\malin\.gradle\native\0.2.7\x86_64-windows-gnu

VM Arguments:
jvm_args: --add-opens=java.base/java.lang=ALL-UNNAMED --add-opens=java.base/java.lang.invoke=ALL-UNNAMED --add-opens=java.base/java.util=ALL-UNNAMED --add-opens=java.prefs/java.util.prefs=ALL-UNNAMED --add-exports=jdk.compiler/com.sun.tools.javac.api=ALL-UNNAMED --add-exports=jdk.compiler/com.sun.tools.javac.util=ALL-UNNAMED --add-opens=java.base/java.util=ALL-UNNAMED --add-opens=java.prefs/java.util.prefs=ALL-UNNAMED --add-opens=java.base/java.nio.charset=ALL-UNNAMED --add-opens=java.base/java.net=ALL-UNNAMED --add-opens=java.base/java.util.concurrent.atomic=ALL-UNNAMED --add-opens=java.xml/javax.xml.namespace=ALL-UNNAMED -XX:MaxMetaspaceSize=512m -XX:+UseG1GC -Xms128m -Xmx2048m -Dfile.encoding=UTF-8 -Duser.country=US -Duser.language=en -Duser.variant -javaagent:C:\Users\malin\.gradle\wrapper\dists\gradle-8.13-bin\5xuhj0ry160q40clulazy9h7d\gradle-8.13\lib\agents\gradle-instrumentation-agent-8.13.jar 
java_command: org.gradle.launcher.daemon.bootstrap.GradleDaemon 8.13
java_class_path (initial): C:\Users\malin\.gradle\wrapper\dists\gradle-8.13-bin\5xuhj0ry160q40clulazy9h7d\gradle-8.13\lib\gradle-daemon-main-8.13.jar
Launcher Type: SUN_STANDARD

[Global flags]
     intx CICompilerCount                          = 12                                        {product} {ergonomic}
   size_t CompressedClassSpaceSize                 = 436207616                                 {product} {ergonomic}
     uint ConcGCThreads                            = 3                                         {product} {ergonomic}
     uint G1ConcRefinementThreads                  = 13                                        {product} {ergonomic}
   size_t G1HeapRegionSize                         = 1048576                                   {product} {ergonomic}
    uintx GCDrainStackTargetSize                   = 64                                        {product} {ergonomic}
   size_t InitialHeapSize                          = 134217728                                 {product} {command line}
   size_t MarkStackSize                            = 4194304                                   {product} {ergonomic}
   size_t MaxHeapSize                              = 2147483648                                {product} {command line}
   size_t MaxMetaspaceSize                         = 536870912                                 {product} {command line}
   size_t MaxNewSize                               = 1287651328                                {product} {ergonomic}
   size_t MinHeapDeltaBytes                        = 1048576                                   {product} {ergonomic}
   size_t MinHeapSize                              = 134217728                                 {product} {command line}
    uintx NonNMethodCodeHeapSize                   = 7602480                                {pd product} {ergonomic}
    uintx NonProfiledCodeHeapSize                  = 122027880                              {pd product} {ergonomic}
    uintx ProfiledCodeHeapSize                     = 122027880                              {pd product} {ergonomic}
    uintx ReservedCodeCacheSize                    = 251658240                              {pd product} {ergonomic}
     bool SegmentedCodeCache                       = true                                      {product} {ergonomic}
   size_t SoftMaxHeapSize                          = 2147483648                             {manageable} {ergonomic}
     bool UseCompressedOops                        = true                           {product lp64_product} {ergonomic}
     bool UseG1GC                                  = true                                      {product} {command line}
     bool UseLargePagesIndividualAllocation        = false                                  {pd product} {ergonomic}

Logging:
Log output configuration:
 #0: stdout all=warning uptime,level,tags foldmultilines=false
 #1: stderr all=off uptime,level,tags foldmultilines=false

Release file:
JAVA_VERSION="21.0.9" 
MODULES="java.base java.compiler java.datatransfer java.xml java.prefs java.desktop java.instrument java.logging java.management java.security.sasl java.naming java.rmi java.management.rmi java.net.http java.scripting java.security.jgss java.transaction.xa java.sql java.sql.rowset java.xml.crypto java.se java.smartcardio jdk.accessibility jdk.internal.jvmstat jdk.attach jdk.charsets jdk.internal.opt jdk.zipfs jdk.compiler jdk.crypto.ec jdk.crypto.cryptoki jdk.crypto.mscapi jdk.dynalink jdk.internal.ed jdk.editpad jdk.hotspot.agent jdk.httpserver jdk.internal.le jdk.internal.vm.ci jdk.internal.vm.compiler jdk.internal.vm.compiler.management jdk.jartool jdk.javadoc jdk.jcmd jdk.management jdk.management.agent jdk.jconsole jdk.jdeps jdk.jdwp.agent jdk.jdi jdk.jfr jdk.jshell jdk.jsobject jdk.jstatd jdk.localedata jdk.management.jfr jdk.naming.dns jdk.naming.rmi jdk.net jdk.nio.mapmode jdk.random jdk.sctp jdk.security.auth jdk.security.jgss jdk.unsupported jdk.unsupported.desktop jdk.xml.dom" 

Environment Variables:
PATH=C:\Users\malin\AppData\Local\Android\Sdk\bin;C:\Program Files\Eclipse Adoptium\jdk-25.0.0.36-hotspot\bin;C:\WINDOWS\system32;C:\WINDOWS;C:\WINDOWS\System32\Wbem;C:\WINDOWS\System32\WindowsPowerShell\v1.0\;C:\WINDOWS\System32\OpenSSH\;C:\Program Files (x86)\Microsoft SQL Server\160\DTS\Binn\;C:\Program Files (x86)\Microsoft SQL Server\160\Tools\Binn\;C:\Program Files\Microsoft SQL Server\160\Tools\Binn\;C:\Program Files\Microsoft SQL Server\Client SDK\ODBC\170\Tools\Binn\;C:\Program Files\Microsoft SQL Server\160\DTS\Binn\;C:\Program Files\MySQL\MySQL Server 8.0\bin;C:\Program Files (x86)\Windows Kits\10\Windows Performance Toolkit\;C:\Program Files\nodejs\;C:\Program Files\Git\cmd;C:\Program Files\cursor\resources\app\bin;C:\Users\malin\AppData\Local\Programs\Python\Python313\Scripts\;C:\Users\malin\AppData\Local\Programs\Python\Python313\;C:\Program Files\MySQL\MySQL Shell 8.0\bin\;C:\Users\malin\AppData\Local\Microsoft\WindowsApps;C:\Program Files\R\R-4.5.1\bin;C:\Users\malin\AppData\Roaming\npm;C:\Users\malin\AppData\Local\Programs\Microsoft VS Code\bin;C:\Users\malin\AppData\Local\Programs\mongosh\;C:\Users\malin\AppData\Local\GitHubDesktop\bin;C:\Users\malin\AppData\Local\Programs\Antigravity\bin
USERNAME=malin
OS=Windows_NT
PROCESSOR_IDENTIFIER=AMD64 Family 23 Model 96 Stepping 1, AuthenticAMD
TMP=C:\Users\malin\AppData\Local\Temp
TEMP=C:\Users\malin\AppData\Local\Temp




Periodic native trim disabled

---------------  S Y S T E M  ---------------

OS:
 Windows 11 , 64 bit Build 26100 (10.0.26100.7623)
OS uptime: 0 days 13:25 hours
Hyper-V role detected

CPU: total 16 (initial active 16) (16 cores per cpu, 2 threads per core) family 23 model 96 stepping 1 microcode 0x8600104, cx8, cmov, fxsr, ht, mmx, 3dnowpref, sse, sse2, sse3, ssse3, sse4a, sse4.1, sse4.2, popcnt, lzcnt, tsc, tscinvbit, avx, avx2, aes, clmul, bmi1, bmi2, adx, sha, fma, vzeroupper, clflush, clflushopt, hv, rdtscp, rdpid, f16c
Processor Information for the first 16 processors :
  Max Mhz: 2900, Current Mhz: 2900, Mhz Limit: 2900

Memory: 4k page, system-wide physical 15770M (5406M free)
TotalPageFile size 19866M (AvailPageFile size 81M)
current process WorkingSet (physical memory assigned to process): 389M, peak: 396M
current process commit charge ("private bytes"): 437M, peak: 767M

vm_info: OpenJDK 64-Bit Server VM (21.0.9+10-LTS) for windows-amd64 JRE (21.0.9+10-LTS), built on 2025-10-21T00:00:00Z by "admin" with unknown MS VC++:1942

END.
