#
# There is insufficient memory for the Java Runtime Environment to continue.
# Native memory allocation (malloc) failed to allocate 559872 bytes. Error detail: Chunk::new
# Possible reasons:
#   The system is out of physical RAM or swap space
#   This process is running with CompressedOops enabled, and the Java Heap may be blocking the growth of the native heap
# Possible solutions:
#   Reduce memory load on the system
#   Increase physical memory or swap space
#   Check if swap backing store is full
#   Decrease Java heap size (-Xmx/-Xms)
#   Decrease number of Java threads
#   Decrease Java thread stack sizes (-Xss)
#   Set larger code cache with -XX:ReservedCodeCacheSize=
#   JVM is running with Unscaled Compressed Oops mode in which the Java heap is
#     placed in the first 4GB address space. The Java Heap base address is the
#     maximum limit for the native heap growth. Please use -XX:HeapBaseMinAddress
#     to set the Java Heap base and to place the Java Heap above 4GB virtual address.
# This output file may be truncated or incomplete.
#
#  Out of Memory Error (arena.cpp:168), pid=2308, tid=22424
#
# JRE version: OpenJDK Runtime Environment Temurin-21.0.9+10 (21.0.9+10) (build 21.0.9+10-LTS)
# Java VM: OpenJDK 64-Bit Server VM Temurin-21.0.9+10 (21.0.9+10-LTS, mixed mode, sharing, tiered, compressed oops, compressed class ptrs, g1 gc, windows-amd64)
# No core dump will be written. Minidumps are not enabled by default on client versions of Windows
#

---------------  S U M M A R Y ------------

Command Line: --add-opens=java.base/java.lang=ALL-UNNAMED --add-opens=java.base/java.lang.invoke=ALL-UNNAMED --add-opens=java.base/java.util=ALL-UNNAMED --add-opens=java.prefs/java.util.prefs=ALL-UNNAMED --add-exports=jdk.compiler/com.sun.tools.javac.api=ALL-UNNAMED --add-exports=jdk.compiler/com.sun.tools.javac.util=ALL-UNNAMED --add-opens=java.base/java.util=ALL-UNNAMED --add-opens=java.prefs/java.util.prefs=ALL-UNNAMED --add-opens=java.base/java.nio.charset=ALL-UNNAMED --add-opens=java.base/java.net=ALL-UNNAMED --add-opens=java.base/java.util.concurrent.atomic=ALL-UNNAMED --add-opens=java.xml/javax.xml.namespace=ALL-UNNAMED -XX:MaxMetaspaceSize=512m -XX:+UseG1GC -Xms128m -Xmx2048m -Dfile.encoding=UTF-8 -Duser.country=US -Duser.language=en -Duser.variant -javaagent:C:\Users\malin\.gradle\wrapper\dists\gradle-8.13-bin\5xuhj0ry160q40clulazy9h7d\gradle-8.13\lib\agents\gradle-instrumentation-agent-8.13.jar org.gradle.launcher.daemon.bootstrap.GradleDaemon 8.13

Host: AMD Ryzen 7 4800H with Radeon Graphics         , 16 cores, 15G,  Windows 11 , 64 bit Build 26100 (10.0.26100.7623)
Time: Fri Jan 16 08:47:14 2026 Sri Lanka Standard Time elapsed time: 10.090281 seconds (0d 0h 0m 10s)

---------------  T H R E A D  ---------------

Current thread (0x0000027db73ea950):  JavaThread "C2 CompilerThread1" daemon [_thread_in_native, id=22424, stack(0x000000a80b100000,0x000000a80b200000) (1024K)]


Current CompileTask:
C2:10090 6733 %     4       java.util.zip.ZipFile$Source::initCEN @ 261 (612 bytes)

Stack: [0x000000a80b100000,0x000000a80b200000]
Native frames: (J=compiled Java code, j=interpreted, Vv=VM code, C=native code)
V  [jvm.dll+0x6d6e29]
V  [jvm.dll+0x8b4b76]
V  [jvm.dll+0x8b712e]
V  [jvm.dll+0x8b7813]
V  [jvm.dll+0x283d86]
V  [jvm.dll+0xc66ed]
V  [jvm.dll+0xc6c31]
V  [jvm.dll+0x3be53b]
V  [jvm.dll+0x1e3d59]
V  [jvm.dll+0x24c0f3]
V  [jvm.dll+0x24b580]
V  [jvm.dll+0x1cb13e]
V  [jvm.dll+0x25b29d]
V  [jvm.dll+0x25982a]
V  [jvm.dll+0x3f7ea6]
V  [jvm.dll+0x85e9ad]
V  [jvm.dll+0x6d565d]
C  [ucrtbase.dll+0x37b0]
C  [KERNEL32.DLL+0x2e8d7]
C  [ntdll.dll+0x8c53c]


---------------  P R O C E S S  ---------------

Threads class SMR info:
_java_thread_list=0x0000027db9af0f40, length=39, elements={
0x0000027dfdfcd5b0, 0x0000027d9632b010, 0x0000027d9632da70, 0x0000027d9632fe20,
0x0000027d96332d40, 0x0000027d963342e0, 0x0000027d96334e60, 0x0000027d963399b0,
0x0000027d9633dd30, 0x0000027d96452740, 0x0000027d96515170, 0x0000027d9668c0e0,
0x0000027db6e8ded0, 0x0000027db6eba150, 0x0000027db716d2e0, 0x0000027db71f19e0,
0x0000027db720d5b0, 0x0000027db71e7650, 0x0000027db7237a40, 0x0000027db725fe20,
0x0000027db72604b0, 0x0000027db7261860, 0x0000027db725e3e0, 0x0000027db725f100,
0x0000027db7260b40, 0x0000027db725ea70, 0x0000027db72611d0, 0x0000027db725f790,
0x0000027db8661e80, 0x0000027db86645e0, 0x0000027db8662ba0, 0x0000027db8661160,
0x0000027db73ea950, 0x0000027db73ed230, 0x0000027dbd5979f0, 0x0000027dbd596c50,
0x0000027dbd59a9a0, 0x0000027dbd5980c0, 0x0000027dbd597320
}

Java Threads: ( => current thread )
  0x0000027dfdfcd5b0 JavaThread "main"                              [_thread_blocked, id=17708, stack(0x000000a809e00000,0x000000a809f00000) (1024K)]
  0x0000027d9632b010 JavaThread "Reference Handler"          daemon [_thread_blocked, id=21540, stack(0x000000a80a600000,0x000000a80a700000) (1024K)]
  0x0000027d9632da70 JavaThread "Finalizer"                  daemon [_thread_blocked, id=11308, stack(0x000000a80a700000,0x000000a80a800000) (1024K)]
  0x0000027d9632fe20 JavaThread "Signal Dispatcher"          daemon [_thread_blocked, id=22328, stack(0x000000a80a800000,0x000000a80a900000) (1024K)]
  0x0000027d96332d40 JavaThread "Attach Listener"            daemon [_thread_blocked, id=22324, stack(0x000000a80a900000,0x000000a80aa00000) (1024K)]
  0x0000027d963342e0 JavaThread "Service Thread"             daemon [_thread_blocked, id=22480, stack(0x000000a80aa00000,0x000000a80ab00000) (1024K)]
  0x0000027d96334e60 JavaThread "Monitor Deflation Thread"   daemon [_thread_blocked, id=13864, stack(0x000000a80ab00000,0x000000a80ac00000) (1024K)]
  0x0000027d963399b0 JavaThread "C2 CompilerThread0"         daemon [_thread_in_native, id=22284, stack(0x000000a80ac00000,0x000000a80ad00000) (1024K)]
  0x0000027d9633dd30 JavaThread "C1 CompilerThread0"         daemon [_thread_blocked, id=22472, stack(0x000000a80ad00000,0x000000a80ae00000) (1024K)]
  0x0000027d96452740 JavaThread "C1 CompilerThread1"         daemon [_thread_blocked, id=13148, stack(0x000000a80ae00000,0x000000a80af00000) (1024K)]
  0x0000027d96515170 JavaThread "Common-Cleaner"             daemon [_thread_blocked, id=16860, stack(0x000000a80af00000,0x000000a80b000000) (1024K)]
  0x0000027d9668c0e0 JavaThread "Notification Thread"        daemon [_thread_blocked, id=18980, stack(0x000000a80b000000,0x000000a80b100000) (1024K)]
  0x0000027db6e8ded0 JavaThread "Daemon health stats"               [_thread_blocked, id=11436, stack(0x000000a80bc00000,0x000000a80bd00000) (1024K)]
  0x0000027db6eba150 JavaThread "Incoming local TCP Connector on port 57848"        [_thread_in_native, id=15984, stack(0x000000a80bd00000,0x000000a80be00000) (1024K)]
  0x0000027db716d2e0 JavaThread "Daemon periodic checks"            [_thread_blocked, id=16964, stack(0x000000a80be00000,0x000000a80bf00000) (1024K)]
  0x0000027db71f19e0 JavaThread "Daemon"                            [_thread_blocked, id=5684, stack(0x000000a80bf00000,0x000000a80c000000) (1024K)]
  0x0000027db720d5b0 JavaThread "Handler for socket connection from /127.0.0.1:57848 to /127.0.0.1:57849"        [_thread_in_native, id=7980, stack(0x000000a80c000000,0x000000a80c100000) (1024K)]
  0x0000027db71e7650 JavaThread "Cancel handler"                    [_thread_blocked, id=21984, stack(0x000000a80c100000,0x000000a80c200000) (1024K)]
  0x0000027db7237a40 JavaThread "Daemon worker"                     [_thread_in_Java, id=22160, stack(0x000000a80c200000,0x000000a80c300000) (1024K)]
  0x0000027db725fe20 JavaThread "Asynchronous log dispatcher for DefaultDaemonConnection: socket connection from /127.0.0.1:57848 to /127.0.0.1:57849"        [_thread_blocked, id=9416, stack(0x000000a80c300000,0x000000a80c400000) (1024K)]
  0x0000027db72604b0 JavaThread "Stdin handler"                     [_thread_blocked, id=22156, stack(0x000000a80c400000,0x000000a80c500000) (1024K)]
  0x0000027db7261860 JavaThread "Daemon client event forwarder"        [_thread_blocked, id=22044, stack(0x000000a80c500000,0x000000a80c600000) (1024K)]
  0x0000027db725e3e0 JavaThread "Cache worker for journal cache (C:\Users\malin\.gradle\caches\journal-1)"        [_thread_blocked, id=22032, stack(0x000000a80c600000,0x000000a80c700000) (1024K)]
  0x0000027db725f100 JavaThread "File lock request listener"        [_thread_in_native, id=21972, stack(0x000000a80c700000,0x000000a80c800000) (1024K)]
  0x0000027db7260b40 JavaThread "Cache worker for file hash cache (C:\Users\malin\.gradle\caches\8.13\fileHashes)"        [_thread_blocked, id=21732, stack(0x000000a80c800000,0x000000a80c900000) (1024K)]
  0x0000027db725ea70 JavaThread "File lock release action executor"        [_thread_blocked, id=22260, stack(0x000000a80cb00000,0x000000a80cc00000) (1024K)]
  0x0000027db72611d0 JavaThread "Cache worker for file hash cache (E:\Sliit\Y2S2\MAD\MoodFlow\.gradle\8.13\fileHashes)"        [_thread_blocked, id=12240, stack(0x000000a80d200000,0x000000a80d300000) (1024K)]
  0x0000027db725f790 JavaThread "Cache worker for Build Output Cleanup Cache (E:\Sliit\Y2S2\MAD\MoodFlow\.gradle\buildOutputCleanup)"        [_thread_blocked, id=1624, stack(0x000000a80d300000,0x000000a80d400000) (1024K)]
  0x0000027db8661e80 JavaThread "jar transforms"                    [_thread_blocked, id=22296, stack(0x000000a80d500000,0x000000a80d600000) (1024K)]
  0x0000027db86645e0 JavaThread "jar transforms Thread 2"           [_thread_blocked, id=22304, stack(0x000000a80d400000,0x000000a80d500000) (1024K)]
  0x0000027db8662ba0 JavaThread "Cache worker for checksums cache (E:\Sliit\Y2S2\MAD\MoodFlow\.gradle\8.13\checksums)"        [_thread_blocked, id=22348, stack(0x000000a80d600000,0x000000a80d700000) (1024K)]
  0x0000027db8661160 JavaThread "Cache worker for file content cache (C:\Users\malin\.gradle\caches\8.13\fileContent)"        [_thread_blocked, id=22344, stack(0x000000a80d700000,0x000000a80d800000) (1024K)]
=>0x0000027db73ea950 JavaThread "C2 CompilerThread1"         daemon [_thread_in_native, id=22424, stack(0x000000a80b100000,0x000000a80b200000) (1024K)]
  0x0000027db73ed230 JavaThread "C2 CompilerThread2"         daemon [_thread_in_native, id=22428, stack(0x000000a80c900000,0x000000a80ca00000) (1024K)]
  0x0000027dbd5979f0 JavaThread "C2 CompilerThread3"         daemon [_thread_in_native, id=22512, stack(0x000000a80ca00000,0x000000a80cb00000) (1024K)]
  0x0000027dbd596c50 JavaThread "C2 CompilerThread4"         daemon [_thread_in_native, id=22516, stack(0x000000a80d800000,0x000000a80d900000) (1024K)]
  0x0000027dbd59a9a0 JavaThread "C2 CompilerThread5"         daemon [_thread_in_native, id=22444, stack(0x000000a80d900000,0x000000a80da00000) (1024K)]
  0x0000027dbd5980c0 JavaThread "C2 CompilerThread6"         daemon [_thread_in_native, id=22448, stack(0x000000a80da00000,0x000000a80db00000) (1024K)]
  0x0000027dbd597320 JavaThread "C2 CompilerThread7"         daemon [_thread_in_native, id=15876, stack(0x000000a80db00000,0x000000a80dc00000) (1024K)]
Total: 39

Other Threads:
  0x0000027d96309340 VMThread "VM Thread"                           [id=21692, stack(0x000000a80a500000,0x000000a80a600000) (1024K)]
  0x0000027d962f9770 WatcherThread "VM Periodic Task Thread"        [id=21708, stack(0x000000a80a400000,0x000000a80a500000) (1024K)]
  0x0000027dfe026410 WorkerThread "GC Thread#0"                     [id=20968, stack(0x000000a809f00000,0x000000a80a000000) (1024K)]
  0x0000027d96c06140 WorkerThread "GC Thread#1"                     [id=3624, stack(0x000000a80b500000,0x000000a80b600000) (1024K)]
  0x0000027d96d457a0 WorkerThread "GC Thread#2"                     [id=21648, stack(0x000000a80b600000,0x000000a80b700000) (1024K)]
  0x0000027db6310100 WorkerThread "GC Thread#3"                     [id=16268, stack(0x000000a80b900000,0x000000a80ba00000) (1024K)]
  0x0000027db648f210 WorkerThread "GC Thread#4"                     [id=16248, stack(0x000000a80ba00000,0x000000a80bb00000) (1024K)]
  0x0000027db6f00c80 WorkerThread "GC Thread#5"                     [id=21696, stack(0x000000a80b200000,0x000000a80b300000) (1024K)]
  0x0000027db6f0b0f0 WorkerThread "GC Thread#6"                     [id=21680, stack(0x000000a80b300000,0x000000a80b400000) (1024K)]
  0x0000027db6f0b490 WorkerThread "GC Thread#7"                     [id=20840, stack(0x000000a80b400000,0x000000a80b500000) (1024K)]
  0x0000027db6f0bc40 WorkerThread "GC Thread#8"                     [id=16392, stack(0x000000a80bb00000,0x000000a80bc00000) (1024K)]
  0x0000027db74062c0 WorkerThread "GC Thread#9"                     [id=8556, stack(0x000000a80cc00000,0x000000a80cd00000) (1024K)]
  0x0000027db7406660 WorkerThread "GC Thread#10"                    [id=19720, stack(0x000000a80cd00000,0x000000a80ce00000) (1024K)]
  0x0000027db7407c20 WorkerThread "GC Thread#11"                    [id=14184, stack(0x000000a80ce00000,0x000000a80cf00000) (1024K)]
  0x0000027db74074e0 WorkerThread "GC Thread#12"                    [id=18236, stack(0x000000a80cf00000,0x000000a80d000000) (1024K)]
  0x0000027dfe037300 ConcurrentGCThread "G1 Main Marker"            [id=20948, stack(0x000000a80a000000,0x000000a80a100000) (1024K)]
  0x0000027dfe038b90 WorkerThread "G1 Conc#0"                       [id=19924, stack(0x000000a80a100000,0x000000a80a200000) (1024K)]
  0x0000027db8f68310 WorkerThread "G1 Conc#1"                       [id=22228, stack(0x000000a80d000000,0x000000a80d100000) (1024K)]
  0x0000027db8f686b0 WorkerThread "G1 Conc#2"                       [id=22200, stack(0x000000a80d100000,0x000000a80d200000) (1024K)]
  0x0000027d961aeac0 ConcurrentGCThread "G1 Refine#0"               [id=17400, stack(0x000000a80a200000,0x000000a80a300000) (1024K)]
  0x0000027d961af440 ConcurrentGCThread "G1 Service"                [id=19012, stack(0x000000a80a300000,0x000000a80a400000) (1024K)]
Total: 21

Threads with active compile tasks:
C2 CompilerThread0  11112 6816       4       org.jetbrains.kotlin.com.intellij.openapi.util.Condition$1::value (10 bytes)
C2 CompilerThread1  11112 6733 %     4       java.util.zip.ZipFile$Source::initCEN @ 261 (612 bytes)
C2 CompilerThread2  11112 6782       4       java.util.zip.ZipFile::getZipEntry (322 bytes)
C2 CompilerThread3  11112 6781       4       org.jetbrains.kotlin.com.intellij.openapi.vfs.impl.ArchiveHandler::directoryEntry (144 bytes)
C2 CompilerThread4  11112 6786       4       org.jetbrains.kotlin.com.intellij.openapi.vfs.impl.ArchiveHandler::split (49 bytes)
C2 CompilerThread5  11112 6793       4       java.util.zip.ZipFile$ZipEntryIterator::nextElement (5 bytes)
C2 CompilerThread6  11112 6794   !   4       java.util.zip.ZipFile$ZipEntryIterator::next (71 bytes)
C2 CompilerThread7  11112 6796       4       org.jetbrains.kotlin.com.intellij.openapi.vfs.impl.ArchiveHandler::processEntry (225 bytes)
Total: 8

VM state: not at safepoint (normal execution)

VM Mutex/Monitor currently owned by a thread: None

Heap address: 0x0000000080000000, size: 2048 MB, Compressed Oops mode: 32-bit

CDS archive(s) mapped at: [0x0000027d97000000-0x0000027d97ba0000-0x0000027d97ba0000), size 12189696, SharedBaseAddress: 0x0000027d97000000, ArchiveRelocationMode: 1.
Compressed class space mapped at: 0x0000027d98000000-0x0000027db2000000, reserved size: 436207616
Narrow klass base: 0x0000027d97000000, Narrow klass shift: 0, Narrow klass range: 0x100000000

GC Precious Log:
 CardTable entry size: 512
 Card Set container configuration: InlinePtr #cards 5 size 8 Array Of Cards #cards 12 size 40 Howl #buckets 4 coarsen threshold 1843 Howl Bitmap #cards 512 size 80 coarsen threshold 460 Card regions per heap region 1 cards per card region 2048
 CPUs: 16 total, 16 available
 Memory: 15770M
 Large Page Support: Disabled
 NUMA Support: Disabled
 Compressed Oops: Enabled (32-bit)
 Heap Region Size: 1M
 Heap Min Capacity: 128M
 Heap Initial Capacity: 128M
 Heap Max Capacity: 2G
 Pre-touch: Disabled
 Parallel Workers: 13
 Concurrent Workers: 3
 Concurrent Refinement Workers: 13
 Periodic GC: Disabled

Heap:
 garbage-first heap   total 143360K, used 113651K [0x0000000080000000, 0x0000000100000000)
  region size 1024K, 68 young (69632K), 4 survivors (4096K)
 Metaspace       used 64559K, committed 65856K, reserved 491520K
  class space    used 9154K, committed 9792K, reserved 425984K

Heap Regions: E=young(eden), S=young(survivor), O=old, HS=humongous(starts), HC=humongous(continues), CS=collection set, F=free, TAMS=top-at-mark-start, PB=parsable bottom
|   0|0x0000000080000000, 0x0000000080100000, 0x0000000080100000|100%|HS|  |TAMS 0x0000000080000000| PB 0x0000000080000000| Complete 
|   1|0x0000000080100000, 0x0000000080200000, 0x0000000080200000|100%|HC|  |TAMS 0x0000000080100000| PB 0x0000000080100000| Complete 
|   2|0x0000000080200000, 0x0000000080300000, 0x0000000080300000|100%|HC|  |TAMS 0x0000000080200000| PB 0x0000000080200000| Complete 
|   3|0x0000000080300000, 0x0000000080400000, 0x0000000080400000|100%| O|  |TAMS 0x0000000080300000| PB 0x0000000080300000| Untracked 
|   4|0x0000000080400000, 0x0000000080500000, 0x0000000080500000|100%| O|  |TAMS 0x0000000080400000| PB 0x0000000080400000| Untracked 
|   5|0x0000000080500000, 0x0000000080600000, 0x0000000080600000|100%| O|  |TAMS 0x0000000080500000| PB 0x0000000080500000| Untracked 
|   6|0x0000000080600000, 0x0000000080700000, 0x0000000080700000|100%|HS|  |TAMS 0x0000000080600000| PB 0x0000000080600000| Complete 
|   7|0x0000000080700000, 0x0000000080800000, 0x0000000080800000|100%| O|  |TAMS 0x0000000080700000| PB 0x0000000080700000| Untracked 
|   8|0x0000000080800000, 0x0000000080900000, 0x0000000080900000|100%| O|  |TAMS 0x0000000080800000| PB 0x0000000080800000| Untracked 
|   9|0x0000000080900000, 0x0000000080a00000, 0x0000000080a00000|100%| O|  |TAMS 0x0000000080900000| PB 0x0000000080900000| Untracked 
|  10|0x0000000080a00000, 0x0000000080b00000, 0x0000000080b00000|100%| O|  |TAMS 0x0000000080a00000| PB 0x0000000080a00000| Untracked 
|  11|0x0000000080b00000, 0x0000000080c00000, 0x0000000080c00000|100%| O|  |TAMS 0x0000000080b00000| PB 0x0000000080b00000| Untracked 
|  12|0x0000000080c00000, 0x0000000080d00000, 0x0000000080d00000|100%| O|  |TAMS 0x0000000080c00000| PB 0x0000000080c00000| Untracked 
|  13|0x0000000080d00000, 0x0000000080e00000, 0x0000000080e00000|100%| O|  |TAMS 0x0000000080d00000| PB 0x0000000080d00000| Untracked 
|  14|0x0000000080e00000, 0x0000000080f00000, 0x0000000080f00000|100%| O|  |TAMS 0x0000000080e00000| PB 0x0000000080e00000| Untracked 
|  15|0x0000000080f00000, 0x0000000081000000, 0x0000000081000000|100%| O|  |TAMS 0x0000000080f00000| PB 0x0000000080f00000| Untracked 
|  16|0x0000000081000000, 0x0000000081100000, 0x0000000081100000|100%| O|  |TAMS 0x0000000081000000| PB 0x0000000081000000| Untracked 
|  17|0x0000000081100000, 0x0000000081200000, 0x0000000081200000|100%| O|  |TAMS 0x0000000081100000| PB 0x0000000081100000| Untracked 
|  18|0x0000000081200000, 0x0000000081300000, 0x0000000081300000|100%| O|  |TAMS 0x0000000081200000| PB 0x0000000081200000| Untracked 
|  19|0x0000000081300000, 0x0000000081400000, 0x0000000081400000|100%| O|  |TAMS 0x0000000081300000| PB 0x0000000081300000| Untracked 
|  20|0x0000000081400000, 0x0000000081500000, 0x0000000081500000|100%| O|  |TAMS 0x0000000081400000| PB 0x0000000081400000| Untracked 
|  21|0x0000000081500000, 0x0000000081600000, 0x0000000081600000|100%| O|  |TAMS 0x0000000081500000| PB 0x0000000081500000| Untracked 
|  22|0x0000000081600000, 0x0000000081700000, 0x0000000081700000|100%| O|  |TAMS 0x0000000081600000| PB 0x0000000081600000| Untracked 
|  23|0x0000000081700000, 0x0000000081800000, 0x0000000081800000|100%|HS|  |TAMS 0x0000000081700000| PB 0x0000000081700000| Complete 
|  24|0x0000000081800000, 0x0000000081900000, 0x0000000081900000|100%| O|  |TAMS 0x0000000081800000| PB 0x0000000081800000| Untracked 
|  25|0x0000000081900000, 0x0000000081a00000, 0x0000000081a00000|100%| O|  |TAMS 0x0000000081900000| PB 0x0000000081900000| Untracked 
|  26|0x0000000081a00000, 0x0000000081b00000, 0x0000000081b00000|100%| O|  |TAMS 0x0000000081a00000| PB 0x0000000081a00000| Untracked 
|  27|0x0000000081b00000, 0x0000000081c00000, 0x0000000081c00000|100%| O|  |TAMS 0x0000000081b00000| PB 0x0000000081b00000| Untracked 
|  28|0x0000000081c00000, 0x0000000081d00000, 0x0000000081d00000|100%| O|  |TAMS 0x0000000081c00000| PB 0x0000000081c00000| Untracked 
|  29|0x0000000081d00000, 0x0000000081e00000, 0x0000000081e00000|100%| O|  |TAMS 0x0000000081d00000| PB 0x0000000081d00000| Untracked 
|  30|0x0000000081e00000, 0x0000000081f00000, 0x0000000081f00000|100%| O|  |TAMS 0x0000000081e00000| PB 0x0000000081e00000| Untracked 
|  31|0x0000000081f00000, 0x0000000082000000, 0x0000000082000000|100%| O|  |TAMS 0x0000000081f00000| PB 0x0000000081f00000| Untracked 
|  32|0x0000000082000000, 0x0000000082100000, 0x0000000082100000|100%| O|  |TAMS 0x0000000082000000| PB 0x0000000082000000| Untracked 
|  33|0x0000000082100000, 0x0000000082200000, 0x0000000082200000|100%| O|  |TAMS 0x0000000082100000| PB 0x0000000082100000| Untracked 
|  34|0x0000000082200000, 0x0000000082300000, 0x0000000082300000|100%| O|  |TAMS 0x0000000082200000| PB 0x0000000082200000| Untracked 
|  35|0x0000000082300000, 0x0000000082400000, 0x0000000082400000|100%| O|  |TAMS 0x0000000082300000| PB 0x0000000082300000| Untracked 
|  36|0x0000000082400000, 0x0000000082500000, 0x0000000082500000|100%| O|  |TAMS 0x0000000082400000| PB 0x0000000082400000| Untracked 
|  37|0x0000000082500000, 0x0000000082600000, 0x0000000082600000|100%| O|  |TAMS 0x0000000082500000| PB 0x0000000082500000| Untracked 
|  38|0x0000000082600000, 0x0000000082689e60, 0x0000000082700000| 53%| O|Cm|TAMS 0x0000000082600000| PB 0x0000000082600000| Complete 
|  39|0x0000000082700000, 0x0000000082800000, 0x0000000082800000|100%|HS|  |TAMS 0x0000000082700000| PB 0x0000000082700000| Complete 
|  40|0x0000000082800000, 0x0000000082900000, 0x0000000082900000|100%|HC|  |TAMS 0x0000000082800000| PB 0x0000000082800000| Complete 
|  41|0x0000000082900000, 0x0000000082a00000, 0x0000000082a00000|100%|HC|  |TAMS 0x0000000082900000| PB 0x0000000082900000| Complete 
|  42|0x0000000082a00000, 0x0000000082b00000, 0x0000000082b00000|100%|HC|  |TAMS 0x0000000082a00000| PB 0x0000000082a00000| Complete 
|  43|0x0000000082b00000, 0x0000000082c00000, 0x0000000082c00000|100%|HC|  |TAMS 0x0000000082b00000| PB 0x0000000082b00000| Complete 
|  44|0x0000000082c00000, 0x0000000082d00000, 0x0000000082d00000|100%|HC|  |TAMS 0x0000000082c00000| PB 0x0000000082c00000| Complete 
|  45|0x0000000082d00000, 0x0000000082d00000, 0x0000000082e00000|  0%| F|  |TAMS 0x0000000082d00000| PB 0x0000000082d00000| Untracked 
|  46|0x0000000082e00000, 0x0000000082e00000, 0x0000000082f00000|  0%| F|  |TAMS 0x0000000082e00000| PB 0x0000000082e00000| Untracked 
|  47|0x0000000082f00000, 0x0000000082f00000, 0x0000000083000000|  0%| F|  |TAMS 0x0000000082f00000| PB 0x0000000082f00000| Untracked 
|  48|0x0000000083000000, 0x0000000083000000, 0x0000000083100000|  0%| F|  |TAMS 0x0000000083000000| PB 0x0000000083000000| Untracked 
|  49|0x0000000083100000, 0x0000000083100000, 0x0000000083200000|  0%| F|  |TAMS 0x0000000083100000| PB 0x0000000083100000| Untracked 
|  50|0x0000000083200000, 0x0000000083200000, 0x0000000083300000|  0%| F|  |TAMS 0x0000000083200000| PB 0x0000000083200000| Untracked 
|  51|0x0000000083300000, 0x0000000083300000, 0x0000000083400000|  0%| F|  |TAMS 0x0000000083300000| PB 0x0000000083300000| Untracked 
|  52|0x0000000083400000, 0x0000000083400000, 0x0000000083500000|  0%| F|  |TAMS 0x0000000083400000| PB 0x0000000083400000| Untracked 
|  53|0x0000000083500000, 0x0000000083500000, 0x0000000083600000|  0%| F|  |TAMS 0x0000000083500000| PB 0x0000000083500000| Untracked 
|  54|0x0000000083600000, 0x0000000083600000, 0x0000000083700000|  0%| F|  |TAMS 0x0000000083600000| PB 0x0000000083600000| Untracked 
|  55|0x0000000083700000, 0x0000000083700000, 0x0000000083800000|  0%| F|  |TAMS 0x0000000083700000| PB 0x0000000083700000| Untracked 
|  56|0x0000000083800000, 0x0000000083800000, 0x0000000083900000|  0%| F|  |TAMS 0x0000000083800000| PB 0x0000000083800000| Untracked 
|  57|0x0000000083900000, 0x0000000083900000, 0x0000000083a00000|  0%| F|  |TAMS 0x0000000083900000| PB 0x0000000083900000| Untracked 
|  58|0x0000000083a00000, 0x0000000083a00000, 0x0000000083b00000|  0%| F|  |TAMS 0x0000000083a00000| PB 0x0000000083a00000| Untracked 
|  59|0x0000000083b00000, 0x0000000083b00000, 0x0000000083c00000|  0%| F|  |TAMS 0x0000000083b00000| PB 0x0000000083b00000| Untracked 
|  60|0x0000000083c00000, 0x0000000083c00000, 0x0000000083d00000|  0%| F|  |TAMS 0x0000000083c00000| PB 0x0000000083c00000| Untracked 
|  61|0x0000000083d00000, 0x0000000083d00000, 0x0000000083e00000|  0%| F|  |TAMS 0x0000000083d00000| PB 0x0000000083d00000| Untracked 
|  62|0x0000000083e00000, 0x0000000083e00000, 0x0000000083f00000|  0%| F|  |TAMS 0x0000000083e00000| PB 0x0000000083e00000| Untracked 
|  63|0x0000000083f00000, 0x0000000083f00000, 0x0000000084000000|  0%| F|  |TAMS 0x0000000083f00000| PB 0x0000000083f00000| Untracked 
|  64|0x0000000084000000, 0x0000000084000000, 0x0000000084100000|  0%| F|  |TAMS 0x0000000084000000| PB 0x0000000084000000| Untracked 
|  65|0x0000000084100000, 0x0000000084100000, 0x0000000084200000|  0%| F|  |TAMS 0x0000000084100000| PB 0x0000000084100000| Untracked 
|  66|0x0000000084200000, 0x0000000084200000, 0x0000000084300000|  0%| F|  |TAMS 0x0000000084200000| PB 0x0000000084200000| Untracked 
|  67|0x0000000084300000, 0x0000000084300000, 0x0000000084400000|  0%| F|  |TAMS 0x0000000084300000| PB 0x0000000084300000| Untracked 
|  68|0x0000000084400000, 0x0000000084400000, 0x0000000084500000|  0%| F|  |TAMS 0x0000000084400000| PB 0x0000000084400000| Untracked 
|  69|0x0000000084500000, 0x0000000084500000, 0x0000000084600000|  0%| F|  |TAMS 0x0000000084500000| PB 0x0000000084500000| Untracked 
|  70|0x0000000084600000, 0x0000000084600000, 0x0000000084700000|  0%| F|  |TAMS 0x0000000084600000| PB 0x0000000084600000| Untracked 
|  71|0x0000000084700000, 0x0000000084700000, 0x0000000084800000|  0%| F|  |TAMS 0x0000000084700000| PB 0x0000000084700000| Untracked 
|  72|0x0000000084800000, 0x000000008482e880, 0x0000000084900000| 18%| E|  |TAMS 0x0000000084800000| PB 0x0000000084800000| Complete 
|  73|0x0000000084900000, 0x0000000084a00000, 0x0000000084a00000|100%| E|CS|TAMS 0x0000000084900000| PB 0x0000000084900000| Complete 
|  74|0x0000000084a00000, 0x0000000084b00000, 0x0000000084b00000|100%| E|CS|TAMS 0x0000000084a00000| PB 0x0000000084a00000| Complete 
|  75|0x0000000084b00000, 0x0000000084c00000, 0x0000000084c00000|100%| E|CS|TAMS 0x0000000084b00000| PB 0x0000000084b00000| Complete 
|  76|0x0000000084c00000, 0x0000000084d00000, 0x0000000084d00000|100%| E|CS|TAMS 0x0000000084c00000| PB 0x0000000084c00000| Complete 
|  77|0x0000000084d00000, 0x0000000084e00000, 0x0000000084e00000|100%| E|CS|TAMS 0x0000000084d00000| PB 0x0000000084d00000| Complete 
|  78|0x0000000084e00000, 0x0000000084f00000, 0x0000000084f00000|100%| E|CS|TAMS 0x0000000084e00000| PB 0x0000000084e00000| Complete 
|  79|0x0000000084f00000, 0x0000000085000000, 0x0000000085000000|100%| E|CS|TAMS 0x0000000084f00000| PB 0x0000000084f00000| Complete 
|  80|0x0000000085000000, 0x0000000085100000, 0x0000000085100000|100%| E|CS|TAMS 0x0000000085000000| PB 0x0000000085000000| Complete 
|  81|0x0000000085100000, 0x0000000085200000, 0x0000000085200000|100%| E|CS|TAMS 0x0000000085100000| PB 0x0000000085100000| Complete 
|  82|0x0000000085200000, 0x0000000085300000, 0x0000000085300000|100%| E|CS|TAMS 0x0000000085200000| PB 0x0000000085200000| Complete 
|  83|0x0000000085300000, 0x0000000085400000, 0x0000000085400000|100%| E|CS|TAMS 0x0000000085300000| PB 0x0000000085300000| Complete 
|  84|0x0000000085400000, 0x0000000085500000, 0x0000000085500000|100%| E|CS|TAMS 0x0000000085400000| PB 0x0000000085400000| Complete 
|  85|0x0000000085500000, 0x0000000085600000, 0x0000000085600000|100%| E|CS|TAMS 0x0000000085500000| PB 0x0000000085500000| Complete 
|  86|0x0000000085600000, 0x0000000085672f40, 0x0000000085700000| 44%| S|CS|TAMS 0x0000000085600000| PB 0x0000000085600000| Complete 
|  87|0x0000000085700000, 0x0000000085800000, 0x0000000085800000|100%| S|CS|TAMS 0x0000000085700000| PB 0x0000000085700000| Complete 
|  88|0x0000000085800000, 0x0000000085900000, 0x0000000085900000|100%| S|CS|TAMS 0x0000000085800000| PB 0x0000000085800000| Complete 
|  89|0x0000000085900000, 0x0000000085a00000, 0x0000000085a00000|100%| S|CS|TAMS 0x0000000085900000| PB 0x0000000085900000| Complete 
|  90|0x0000000085a00000, 0x0000000085b00000, 0x0000000085b00000|100%| E|CS|TAMS 0x0000000085a00000| PB 0x0000000085a00000| Complete 
|  91|0x0000000085b00000, 0x0000000085c00000, 0x0000000085c00000|100%| E|CS|TAMS 0x0000000085b00000| PB 0x0000000085b00000| Complete 
|  92|0x0000000085c00000, 0x0000000085d00000, 0x0000000085d00000|100%| E|CS|TAMS 0x0000000085c00000| PB 0x0000000085c00000| Complete 
|  93|0x0000000085d00000, 0x0000000085e00000, 0x0000000085e00000|100%| E|CS|TAMS 0x0000000085d00000| PB 0x0000000085d00000| Complete 
|  94|0x0000000085e00000, 0x0000000085f00000, 0x0000000085f00000|100%| E|CS|TAMS 0x0000000085e00000| PB 0x0000000085e00000| Complete 
|  95|0x0000000085f00000, 0x0000000086000000, 0x0000000086000000|100%| E|CS|TAMS 0x0000000085f00000| PB 0x0000000085f00000| Complete 
|  96|0x0000000086000000, 0x0000000086100000, 0x0000000086100000|100%| E|CS|TAMS 0x0000000086000000| PB 0x0000000086000000| Complete 
|  97|0x0000000086100000, 0x0000000086200000, 0x0000000086200000|100%| E|CS|TAMS 0x0000000086100000| PB 0x0000000086100000| Complete 
|  98|0x0000000086200000, 0x0000000086300000, 0x0000000086300000|100%| E|CS|TAMS 0x0000000086200000| PB 0x0000000086200000| Complete 
|  99|0x0000000086300000, 0x0000000086400000, 0x0000000086400000|100%| E|CS|TAMS 0x0000000086300000| PB 0x0000000086300000| Complete 
| 100|0x0000000086400000, 0x0000000086500000, 0x0000000086500000|100%| E|CS|TAMS 0x0000000086400000| PB 0x0000000086400000| Complete 
| 101|0x0000000086500000, 0x0000000086600000, 0x0000000086600000|100%| E|CS|TAMS 0x0000000086500000| PB 0x0000000086500000| Complete 
| 102|0x0000000086600000, 0x0000000086700000, 0x0000000086700000|100%| E|CS|TAMS 0x0000000086600000| PB 0x0000000086600000| Complete 
| 103|0x0000000086700000, 0x0000000086800000, 0x0000000086800000|100%| E|CS|TAMS 0x0000000086700000| PB 0x0000000086700000| Complete 
| 104|0x0000000086800000, 0x0000000086900000, 0x0000000086900000|100%| E|CS|TAMS 0x0000000086800000| PB 0x0000000086800000| Complete 
| 105|0x0000000086900000, 0x0000000086a00000, 0x0000000086a00000|100%| E|CS|TAMS 0x0000000086900000| PB 0x0000000086900000| Complete 
| 106|0x0000000086a00000, 0x0000000086b00000, 0x0000000086b00000|100%| E|CS|TAMS 0x0000000086a00000| PB 0x0000000086a00000| Complete 
| 107|0x0000000086b00000, 0x0000000086c00000, 0x0000000086c00000|100%| E|CS|TAMS 0x0000000086b00000| PB 0x0000000086b00000| Complete 
| 108|0x0000000086c00000, 0x0000000086d00000, 0x0000000086d00000|100%| E|CS|TAMS 0x0000000086c00000| PB 0x0000000086c00000| Complete 
| 109|0x0000000086d00000, 0x0000000086e00000, 0x0000000086e00000|100%| E|CS|TAMS 0x0000000086d00000| PB 0x0000000086d00000| Complete 
| 110|0x0000000086e00000, 0x0000000086f00000, 0x0000000086f00000|100%| E|CS|TAMS 0x0000000086e00000| PB 0x0000000086e00000| Complete 
| 111|0x0000000086f00000, 0x0000000087000000, 0x0000000087000000|100%| E|CS|TAMS 0x0000000086f00000| PB 0x0000000086f00000| Complete 
| 112|0x0000000087000000, 0x0000000087100000, 0x0000000087100000|100%| E|CS|TAMS 0x0000000087000000| PB 0x0000000087000000| Complete 
| 113|0x0000000087100000, 0x0000000087200000, 0x0000000087200000|100%| E|CS|TAMS 0x0000000087100000| PB 0x0000000087100000| Complete 
| 114|0x0000000087200000, 0x0000000087300000, 0x0000000087300000|100%| E|CS|TAMS 0x0000000087200000| PB 0x0000000087200000| Complete 
| 115|0x0000000087300000, 0x0000000087400000, 0x0000000087400000|100%| E|CS|TAMS 0x0000000087300000| PB 0x0000000087300000| Complete 
| 116|0x0000000087400000, 0x0000000087500000, 0x0000000087500000|100%| E|CS|TAMS 0x0000000087400000| PB 0x0000000087400000| Complete 
| 117|0x0000000087500000, 0x0000000087600000, 0x0000000087600000|100%| E|CS|TAMS 0x0000000087500000| PB 0x0000000087500000| Complete 
| 118|0x0000000087600000, 0x0000000087700000, 0x0000000087700000|100%| E|CS|TAMS 0x0000000087600000| PB 0x0000000087600000| Complete 
| 119|0x0000000087700000, 0x0000000087800000, 0x0000000087800000|100%| E|CS|TAMS 0x0000000087700000| PB 0x0000000087700000| Complete 
| 120|0x0000000087800000, 0x0000000087900000, 0x0000000087900000|100%| E|CS|TAMS 0x0000000087800000| PB 0x0000000087800000| Complete 
| 121|0x0000000087900000, 0x0000000087a00000, 0x0000000087a00000|100%| E|CS|TAMS 0x0000000087900000| PB 0x0000000087900000| Complete 
| 122|0x0000000087a00000, 0x0000000087b00000, 0x0000000087b00000|100%| E|CS|TAMS 0x0000000087a00000| PB 0x0000000087a00000| Complete 
| 123|0x0000000087b00000, 0x0000000087c00000, 0x0000000087c00000|100%| E|CS|TAMS 0x0000000087b00000| PB 0x0000000087b00000| Complete 
| 124|0x0000000087c00000, 0x0000000087d00000, 0x0000000087d00000|100%| E|CS|TAMS 0x0000000087c00000| PB 0x0000000087c00000| Complete 
| 125|0x0000000087d00000, 0x0000000087e00000, 0x0000000087e00000|100%| E|CS|TAMS 0x0000000087d00000| PB 0x0000000087d00000| Complete 
| 126|0x0000000087e00000, 0x0000000087f00000, 0x0000000087f00000|100%| E|CS|TAMS 0x0000000087e00000| PB 0x0000000087e00000| Complete 
| 127|0x0000000087f00000, 0x0000000088000000, 0x0000000088000000|100%| E|CS|TAMS 0x0000000087f00000| PB 0x0000000087f00000| Complete 
| 128|0x0000000088000000, 0x0000000088100000, 0x0000000088100000|100%| E|CS|TAMS 0x0000000088000000| PB 0x0000000088000000| Complete 
| 129|0x0000000088100000, 0x0000000088200000, 0x0000000088200000|100%| E|CS|TAMS 0x0000000088100000| PB 0x0000000088100000| Complete 
| 130|0x0000000088200000, 0x0000000088300000, 0x0000000088300000|100%| E|CS|TAMS 0x0000000088200000| PB 0x0000000088200000| Complete 
| 131|0x0000000088300000, 0x0000000088400000, 0x0000000088400000|100%| E|CS|TAMS 0x0000000088300000| PB 0x0000000088300000| Complete 
| 132|0x0000000088400000, 0x0000000088500000, 0x0000000088500000|100%| E|CS|TAMS 0x0000000088400000| PB 0x0000000088400000| Complete 
| 133|0x0000000088500000, 0x0000000088600000, 0x0000000088600000|100%| E|CS|TAMS 0x0000000088500000| PB 0x0000000088500000| Complete 
| 134|0x0000000088600000, 0x0000000088700000, 0x0000000088700000|100%| E|CS|TAMS 0x0000000088600000| PB 0x0000000088600000| Complete 
| 135|0x0000000088700000, 0x0000000088800000, 0x0000000088800000|100%| E|CS|TAMS 0x0000000088700000| PB 0x0000000088700000| Complete 
| 136|0x0000000088800000, 0x0000000088900000, 0x0000000088900000|100%| E|CS|TAMS 0x0000000088800000| PB 0x0000000088800000| Complete 
| 137|0x0000000088900000, 0x0000000088a00000, 0x0000000088a00000|100%| E|CS|TAMS 0x0000000088900000| PB 0x0000000088900000| Complete 
| 152|0x0000000089800000, 0x0000000089900000, 0x0000000089900000|100%| E|CS|TAMS 0x0000000089800000| PB 0x0000000089800000| Complete 
| 153|0x0000000089900000, 0x0000000089a00000, 0x0000000089a00000|100%| E|CS|TAMS 0x0000000089900000| PB 0x0000000089900000| Complete 

Card table byte_map: [0x0000027dfed20000,0x0000027dff120000] _byte_map_base: 0x0000027dfe920000

Marking Bits: (CMBitMap*) 0x0000027dfe026a20
 Bits: [0x0000027d92140000, 0x0000027d94140000)

Polling page: 0x0000027dfbdf0000

Metaspace:

Usage:
  Non-class:     54.20 MB used.
      Class:      8.94 MB used.
       Both:     63.14 MB used.

Virtual space:
  Non-class space:       64.00 MB reserved,      54.88 MB ( 86%) committed,  1 nodes.
      Class space:      416.00 MB reserved,       9.56 MB (  2%) committed,  1 nodes.
             Both:      480.00 MB reserved,      64.44 MB ( 13%) committed. 

Chunk freelists:
   Non-Class:  8.52 MB
       Class:  6.29 MB
        Both:  14.80 MB

MaxMetaspaceSize: 512.00 MB
CompressedClassSpaceSize: 416.00 MB
Initial GC threshold: 21.00 MB
Current GC threshold: 98.56 MB
CDS: on
 - commit_granule_bytes: 65536.
 - commit_granule_words: 8192.
 - virtual_space_node_default_size: 8388608.
 - enlarge_chunks_in_place: 1.
 - use_allocation_guard: 0.


Internal statistics:

num_allocs_failed_limit: 12.
num_arena_births: 2068.
num_arena_deaths: 2.
num_vsnodes_births: 2.
num_vsnodes_deaths: 0.
num_space_committed: 1029.
num_space_uncommitted: 0.
num_chunks_returned_to_freelist: 18.
num_chunks_taken_from_freelist: 4598.
num_chunk_merges: 12.
num_chunk_splits: 3215.
num_chunks_enlarged: 2280.
num_inconsistent_stats: 0.

CodeHeap 'non-profiled nmethods': size=119168Kb used=3359Kb max_used=3665Kb free=115808Kb
 bounds [0x0000027d8ace0000, 0x0000027d8b080000, 0x0000027d92140000]
CodeHeap 'profiled nmethods': size=119104Kb used=11039Kb max_used=11504Kb free=108064Kb
 bounds [0x0000027d83140000, 0x0000027d83c80000, 0x0000027d8a590000]
CodeHeap 'non-nmethods': size=7488Kb used=3226Kb max_used=4382Kb free=4261Kb
 bounds [0x0000027d8a590000, 0x0000027d8a9e0000, 0x0000027d8ace0000]
CodeCache: size=245760Kb, used=17624Kb, max_used=19551Kb, free=228133Kb
 total_blobs=6781, nmethods=5851, adapters=833, full_count=0
Compilation: enabled, stopped_count=0, restarted_count=0

Compilation events (20 events):
Event: 8.035 Thread 0x0000027dbd597320 nmethod 6780 0x0000027d8af1be90 code [0x0000027d8af1c060, 0x0000027d8af1c438]
Event: 8.037 Thread 0x0000027dbd597320 6788       4       java.util.zip.ZipEntry::isDirectory (10 bytes)
Event: 8.041 Thread 0x0000027dbd597320 nmethod 6788 0x0000027d8af1ba90 code [0x0000027d8af1bc20, 0x0000027d8af1bd38]
Event: 8.041 Thread 0x0000027dbd597320 6787       4       org.jetbrains.kotlin.com.intellij.openapi.vfs.impl.ArchiveHandler$EntryInfo::<init> (40 bytes)
Event: 8.041 Thread 0x0000027dbd59a9a0 nmethod 6795 0x0000027d8af1ac10 code [0x0000027d8af1ae00, 0x0000027d8af1b648]
Event: 8.042 Thread 0x0000027dbd59a9a0 6790       4       org.jetbrains.kotlin.com.intellij.openapi.vfs.impl.ZipEntryMap::put (13 bytes)
Event: 8.047 Thread 0x0000027dbd597320 nmethod 6787 0x0000027d8af1a690 code [0x0000027d8af1a820, 0x0000027d8af1aad8]
Event: 8.047 Thread 0x0000027dbd597320 6791       4       org.jetbrains.kotlin.com.intellij.openapi.vfs.impl.ZipEntryMap::put (47 bytes)
Event: 8.052 Thread 0x0000027dbd596c50 nmethod 6776 0x0000027d8afaa010 code [0x0000027d8afaa260, 0x0000027d8afaac88]
Event: 8.052 Thread 0x0000027dbd596c50 6786       4       org.jetbrains.kotlin.com.intellij.openapi.vfs.impl.ArchiveHandler::split (49 bytes)
Event: 8.052 Thread 0x0000027dbd59a9a0 nmethod 6790 0x0000027d8afa9510 code [0x0000027d8afa9700, 0x0000027d8afa9c38]
Event: 8.053 Thread 0x0000027dbd59a9a0 6792       4       java.util.zip.ZipFile$ZipEntryIterator::hasMoreElements (5 bytes)
Event: 8.054 Thread 0x0000027dbd59a9a0 nmethod 6792 0x0000027d8ad86790 code [0x0000027d8ad86920, 0x0000027d8ad869d0]
Event: 8.054 Thread 0x0000027dbd59a9a0 6793       4       java.util.zip.ZipFile$ZipEntryIterator::nextElement (5 bytes)
Event: 8.055 Thread 0x0000027dbd5980c0 nmethod 6783 0x0000027d8afa7910 code [0x0000027d8afa7b80, 0x0000027d8afa8d50]
Event: 8.057 Thread 0x0000027dbd597320 nmethod 6791 0x0000027d8afa6f10 code [0x0000027d8afa70e0, 0x0000027d8afa75d0]
Event: 8.058 Thread 0x0000027dbd5980c0 6794   !   4       java.util.zip.ZipFile$ZipEntryIterator::next (71 bytes)
Event: 8.059 Thread 0x0000027dbd597320 6796       4       org.jetbrains.kotlin.com.intellij.openapi.vfs.impl.ArchiveHandler::processEntry (225 bytes)
Event: 8.762 Thread 0x0000027d9633dd30 6801       1       javax.management.ObjectName$Property::setKeyIndex (6 bytes)
Event: 8.762 Thread 0x0000027d96452740 6802       3       java.util.stream.Collectors$$Lambda/0x0000027d98073bd8::accept (14 bytes)

GC Heap History (20 events):
Event: 1.110 GC heap before
{Heap before GC invocations=1 (full 0):
 garbage-first heap   total 131072K, used 41237K [0x0000000080000000, 0x0000000100000000)
  region size 1024K, 39 young (39936K), 3 survivors (3072K)
 Metaspace       used 4450K, committed 4672K, reserved 491520K
  class space    used 559K, committed 640K, reserved 425984K
}
Event: 1.115 GC heap after
{Heap after GC invocations=2 (full 0):
 garbage-first heap   total 131072K, used 10821K [0x0000000080000000, 0x0000000100000000)
  region size 1024K, 5 young (5120K), 5 survivors (5120K)
 Metaspace       used 4450K, committed 4672K, reserved 491520K
  class space    used 559K, committed 640K, reserved 425984K
}
Event: 1.742 GC heap before
{Heap before GC invocations=2 (full 0):
 garbage-first heap   total 131072K, used 63045K [0x0000000080000000, 0x0000000100000000)
  region size 1024K, 54 young (55296K), 5 survivors (5120K)
 Metaspace       used 6626K, committed 6848K, reserved 491520K
  class space    used 894K, committed 1024K, reserved 425984K
}
Event: 1.750 GC heap after
{Heap after GC invocations=3 (full 0):
 garbage-first heap   total 131072K, used 17838K [0x0000000080000000, 0x0000000100000000)
  region size 1024K, 6 young (6144K), 6 survivors (6144K)
 Metaspace       used 6626K, committed 6848K, reserved 491520K
  class space    used 894K, committed 1024K, reserved 425984K
}
Event: 3.295 GC heap before
{Heap before GC invocations=3 (full 0):
 garbage-first heap   total 131072K, used 89518K [0x0000000080000000, 0x0000000100000000)
  region size 1024K, 76 young (77824K), 6 survivors (6144K)
 Metaspace       used 19445K, committed 20096K, reserved 491520K
  class space    used 2840K, committed 3136K, reserved 425984K
}
Event: 3.301 GC heap after
{Heap after GC invocations=4 (full 0):
 garbage-first heap   total 131072K, used 22931K [0x0000000080000000, 0x0000000100000000)
  region size 1024K, 6 young (6144K), 6 survivors (6144K)
 Metaspace       used 19445K, committed 20096K, reserved 491520K
  class space    used 2840K, committed 3136K, reserved 425984K
}
Event: 3.530 GC heap before
{Heap before GC invocations=4 (full 0):
 garbage-first heap   total 131072K, used 35219K [0x0000000080000000, 0x0000000100000000)
  region size 1024K, 19 young (19456K), 6 survivors (6144K)
 Metaspace       used 20875K, committed 21504K, reserved 491520K
  class space    used 3080K, committed 3392K, reserved 425984K
}
Event: 3.534 GC heap after
{Heap after GC invocations=5 (full 0):
 garbage-first heap   total 131072K, used 23973K [0x0000000080000000, 0x0000000100000000)
  region size 1024K, 7 young (7168K), 7 survivors (7168K)
 Metaspace       used 20875K, committed 21504K, reserved 491520K
  class space    used 3080K, committed 3392K, reserved 425984K
}
Event: 4.367 GC heap before
{Heap before GC invocations=6 (full 0):
 garbage-first heap   total 131072K, used 93605K [0x0000000080000000, 0x0000000100000000)
  region size 1024K, 76 young (77824K), 7 survivors (7168K)
 Metaspace       used 29751K, committed 30720K, reserved 491520K
  class space    used 4358K, committed 4800K, reserved 425984K
}
Event: 4.372 GC heap after
{Heap after GC invocations=7 (full 0):
 garbage-first heap   total 131072K, used 29220K [0x0000000080000000, 0x0000000100000000)
  region size 1024K, 7 young (7168K), 7 survivors (7168K)
 Metaspace       used 29751K, committed 30720K, reserved 491520K
  class space    used 4358K, committed 4800K, reserved 425984K
}
Event: 5.315 GC heap before
{Heap before GC invocations=7 (full 0):
 garbage-first heap   total 131072K, used 98852K [0x0000000080000000, 0x0000000100000000)
  region size 1024K, 76 young (77824K), 7 survivors (7168K)
 Metaspace       used 33509K, committed 34432K, reserved 491520K
  class space    used 4936K, committed 5376K, reserved 425984K
}
Event: 5.319 GC heap after
{Heap after GC invocations=8 (full 0):
 garbage-first heap   total 131072K, used 30981K [0x0000000080000000, 0x0000000100000000)
  region size 1024K, 8 young (8192K), 8 survivors (8192K)
 Metaspace       used 33509K, committed 34432K, reserved 491520K
  class space    used 4936K, committed 5376K, reserved 425984K
}
Event: 5.654 GC heap before
{Heap before GC invocations=8 (full 0):
 garbage-first heap   total 131072K, used 48389K [0x0000000080000000, 0x0000000100000000)
  region size 1024K, 26 young (26624K), 8 survivors (8192K)
 Metaspace       used 35013K, committed 35968K, reserved 491520K
  class space    used 5141K, committed 5632K, reserved 425984K
}
Event: 5.658 GC heap after
{Heap after GC invocations=9 (full 0):
 garbage-first heap   total 131072K, used 32967K [0x0000000080000000, 0x0000000100000000)
  region size 1024K, 6 young (6144K), 6 survivors (6144K)
 Metaspace       used 35013K, committed 35968K, reserved 491520K
  class space    used 5141K, committed 5632K, reserved 425984K
}
Event: 6.650 GC heap before
{Heap before GC invocations=10 (full 0):
 garbage-first heap   total 131072K, used 110791K [0x0000000080000000, 0x0000000100000000)
  region size 1024K, 76 young (77824K), 6 survivors (6144K)
 Metaspace       used 45065K, committed 46272K, reserved 491520K
  class space    used 6268K, committed 6848K, reserved 425984K
}
Event: 6.655 GC heap after
{Heap after GC invocations=11 (full 0):
 garbage-first heap   total 131072K, used 38306K [0x0000000080000000, 0x0000000100000000)
  region size 1024K, 10 young (10240K), 10 survivors (10240K)
 Metaspace       used 45065K, committed 46272K, reserved 491520K
  class space    used 6268K, committed 6848K, reserved 425984K
}
Event: 7.154 GC heap before
{Heap before GC invocations=11 (full 0):
 garbage-first heap   total 131072K, used 105890K [0x0000000080000000, 0x0000000100000000)
  region size 1024K, 76 young (77824K), 10 survivors (10240K)
 Metaspace       used 53182K, committed 54336K, reserved 491520K
  class space    used 7748K, committed 8320K, reserved 425984K
}
Event: 7.159 GC heap after
{Heap after GC invocations=12 (full 0):
 garbage-first heap   total 131072K, used 41511K [0x0000000080000000, 0x0000000100000000)
  region size 1024K, 3 young (3072K), 3 survivors (3072K)
 Metaspace       used 53182K, committed 54336K, reserved 491520K
  class space    used 7748K, committed 8320K, reserved 425984K
}
Event: 7.512 GC heap before
{Heap before GC invocations=12 (full 0):
 garbage-first heap   total 131072K, used 79399K [0x0000000080000000, 0x0000000100000000)
  region size 1024K, 41 young (41984K), 3 survivors (3072K)
 Metaspace       used 59025K, committed 60160K, reserved 491520K
  class space    used 8469K, committed 9024K, reserved 425984K
}
Event: 7.515 GC heap after
{Heap after GC invocations=13 (full 0):
 garbage-first heap   total 157696K, used 41971K [0x0000000080000000, 0x0000000100000000)
  region size 1024K, 4 young (4096K), 4 survivors (4096K)
 Metaspace       used 59025K, committed 60160K, reserved 491520K
  class space    used 8469K, committed 9024K, reserved 425984K
}

Dll operation events (14 events):
Event: 0.009 Loaded shared library C:\Users\malin\.antigravity\extensions\redhat.java-1.51.0-win32-x64\jre\21.0.9-win32-x86_64\bin\java.dll
Event: 0.072 Loaded shared library C:\Users\malin\.antigravity\extensions\redhat.java-1.51.0-win32-x64\jre\21.0.9-win32-x86_64\bin\zip.dll
Event: 0.088 Loaded shared library C:\Users\malin\.antigravity\extensions\redhat.java-1.51.0-win32-x64\jre\21.0.9-win32-x86_64\bin\instrument.dll
Event: 0.093 Loaded shared library C:\Users\malin\.antigravity\extensions\redhat.java-1.51.0-win32-x64\jre\21.0.9-win32-x86_64\bin\net.dll
Event: 0.095 Loaded shared library C:\Users\malin\.antigravity\extensions\redhat.java-1.51.0-win32-x64\jre\21.0.9-win32-x86_64\bin\nio.dll
Event: 0.097 Loaded shared library C:\Users\malin\.antigravity\extensions\redhat.java-1.51.0-win32-x64\jre\21.0.9-win32-x86_64\bin\zip.dll
Event: 0.360 Loaded shared library C:\Users\malin\.antigravity\extensions\redhat.java-1.51.0-win32-x64\jre\21.0.9-win32-x86_64\bin\jimage.dll
Event: 0.562 Loaded shared library C:\Users\malin\.antigravity\extensions\redhat.java-1.51.0-win32-x64\jre\21.0.9-win32-x86_64\bin\verify.dll
Event: 0.667 Loaded shared library C:\Users\malin\.gradle\native\1def1411415f61bf3af743bc5b6707747c0891f09f0c88961ee8f79bc544acac\windows-amd64\native-platform.dll
Event: 0.684 Loaded shared library C:\Users\malin\.gradle\native\0.2.7\x86_64-windows-gnu\gradle-fileevents.dll
Event: 1.717 Loaded shared library C:\Users\malin\.antigravity\extensions\redhat.java-1.51.0-win32-x64\jre\21.0.9-win32-x86_64\bin\management.dll
Event: 1.718 Loaded shared library C:\Users\malin\.antigravity\extensions\redhat.java-1.51.0-win32-x64\jre\21.0.9-win32-x86_64\bin\management_ext.dll
Event: 1.883 Loaded shared library C:\Users\malin\.antigravity\extensions\redhat.java-1.51.0-win32-x64\jre\21.0.9-win32-x86_64\bin\extnet.dll
Event: 2.097 Loaded shared library C:\Users\malin\.antigravity\extensions\redhat.java-1.51.0-win32-x64\jre\21.0.9-win32-x86_64\bin\sunmscapi.dll

Deoptimization events (20 events):
Event: 8.007 Thread 0x0000027db7237a40 DEOPT UNPACKING pc=0x0000027d8a5e4bc2 sp=0x000000a80c2f4ab0 mode 0
Event: 8.008 Thread 0x0000027db7237a40 DEOPT PACKING pc=0x0000027d83a082ff sp=0x000000a80c2f55c0
Event: 8.008 Thread 0x0000027db7237a40 DEOPT UNPACKING pc=0x0000027d8a5e4bc2 sp=0x000000a80c2f4ab0 mode 0
Event: 8.008 Thread 0x0000027db7237a40 DEOPT PACKING pc=0x0000027d83a082ff sp=0x000000a80c2f55c0
Event: 8.008 Thread 0x0000027db7237a40 DEOPT UNPACKING pc=0x0000027d8a5e4bc2 sp=0x000000a80c2f4ab0 mode 0
Event: 8.008 Thread 0x0000027db7237a40 DEOPT PACKING pc=0x0000027d83a082ff sp=0x000000a80c2f55c0
Event: 8.008 Thread 0x0000027db7237a40 DEOPT UNPACKING pc=0x0000027d8a5e4bc2 sp=0x000000a80c2f4ab0 mode 0
Event: 8.009 Thread 0x0000027db7237a40 DEOPT PACKING pc=0x0000027d83a082ff sp=0x000000a80c2f55c0
Event: 8.009 Thread 0x0000027db7237a40 DEOPT UNPACKING pc=0x0000027d8a5e4bc2 sp=0x000000a80c2f4ab0 mode 0
Event: 8.009 Thread 0x0000027db7237a40 DEOPT PACKING pc=0x0000027d83a082ff sp=0x000000a80c2f55c0
Event: 8.009 Thread 0x0000027db7237a40 DEOPT UNPACKING pc=0x0000027d8a5e4bc2 sp=0x000000a80c2f4ab0 mode 0
Event: 8.009 Thread 0x0000027db7237a40 DEOPT PACKING pc=0x0000027d83a082ff sp=0x000000a80c2f55c0
Event: 8.009 Thread 0x0000027db7237a40 DEOPT UNPACKING pc=0x0000027d8a5e4bc2 sp=0x000000a80c2f4ab0 mode 0
Event: 8.010 Thread 0x0000027db7237a40 DEOPT PACKING pc=0x0000027d83a082ff sp=0x000000a80c2f55c0
Event: 8.010 Thread 0x0000027db7237a40 DEOPT UNPACKING pc=0x0000027d8a5e4bc2 sp=0x000000a80c2f4ab0 mode 0
Event: 8.010 Thread 0x0000027db7237a40 DEOPT PACKING pc=0x0000027d83a082ff sp=0x000000a80c2f55c0
Event: 8.010 Thread 0x0000027db7237a40 DEOPT UNPACKING pc=0x0000027d8a5e4bc2 sp=0x000000a80c2f4ab0 mode 0
Event: 8.011 Thread 0x0000027db7237a40 DEOPT PACKING pc=0x0000027d83a082ff sp=0x000000a80c2f55c0
Event: 8.011 Thread 0x0000027db7237a40 DEOPT UNPACKING pc=0x0000027d8a5e4bc2 sp=0x000000a80c2f4ab0 mode 0
Event: 8.085 Thread 0x0000027db7237a40 Uncommon trap: trap_request=0xffffff45 fr.pc=0x0000027d8ad86990 relative=0x0000000000000070

Classes loaded (20 events):
Event: 7.803 Loading class java/nio/charset/UnsupportedCharsetException
Event: 7.803 Loading class java/nio/charset/UnsupportedCharsetException done
Event: 7.803 Loading class sun/nio/cs/UTF_32BE
Event: 7.803 Loading class sun/nio/cs/UTF_32BE done
Event: 7.803 Loading class sun/nio/cs/UTF_32LE
Event: 7.804 Loading class sun/nio/cs/UTF_32LE done
Event: 7.804 Loading class sun/nio/cs/MS1251
Event: 7.804 Loading class sun/nio/cs/MS1251 done
Event: 7.864 Loading class java/util/PrimitiveIterator$OfInt
Event: 7.864 Loading class java/util/PrimitiveIterator
Event: 7.864 Loading class java/util/PrimitiveIterator done
Event: 7.864 Loading class java/util/PrimitiveIterator$OfInt done
Event: 7.958 Loading class java/beans/PropertyChangeSupport
Event: 7.958 Loading class java/beans/PropertyChangeSupport done
Event: 7.959 Loading class java/beans/PropertyChangeSupport$PropertyChangeListenerMap
Event: 7.959 Loading class java/beans/ChangeListenerMap
Event: 7.959 Loading class java/beans/ChangeListenerMap done
Event: 7.959 Loading class java/beans/PropertyChangeSupport$PropertyChangeListenerMap done
Event: 7.984 Loading class java/util/zip/ZipFile$ZipEntryIterator
Event: 7.984 Loading class java/util/zip/ZipFile$ZipEntryIterator done

Classes unloaded (5 events):
Event: 7.529 Thread 0x0000027d96309340 Unloading class 0x0000027d985c0000 '_BuildScript_$_run_closure1$_closure2'
Event: 7.529 Thread 0x0000027d96309340 Unloading class 0x0000027d985b8ab0 '_BuildScript_$_run_closure1'
Event: 7.529 Thread 0x0000027d96309340 Unloading class 0x0000027d985b8578 '_BuildScript_'
Event: 7.529 Thread 0x0000027d96309340 Unloading class 0x0000027d985b82b8 'GradleAnnotationProcessorPatchPlugin$AnnotationProcessorModelBuilder'
Event: 7.529 Thread 0x0000027d96309340 Unloading class 0x0000027d985b8000 'GradleAnnotationProcessorPatchPlugin'

Classes redefined (0 events):
No events

Internal exceptions (20 events):
Event: 7.242 Thread 0x0000027db7237a40 Exception <a 'sun/nio/fs/WindowsException'{0x0000000087691f40}> (0x0000000087691f40) 
thrown [s\src\hotspot\share\prims\jni.cpp, line 520]
Event: 7.273 Thread 0x0000027db7237a40 Exception <a 'java/lang/NoSuchMethodError'{0x000000008725ac50}: 'long java.lang.invoke.DirectMethodHandle$Holder.invokeStatic(java.lang.Object)'> (0x000000008725ac50) 
thrown [s\src\hotspot\share\interpreter\linkResolver.cpp, line 773]
Event: 7.273 Thread 0x0000027db7237a40 Exception <a 'java/lang/NoSuchMethodError'{0x000000008725f530}: 'long java.lang.invoke.DirectMethodHandle$Holder.invokeStaticInit(java.lang.Object)'> (0x000000008725f530) 
thrown [s\src\hotspot\share\interpreter\linkResolver.cpp, line 773]
Event: 7.305 Thread 0x0000027db7237a40 Exception <a 'java/lang/NoSuchMethodError'{0x0000000086e54058}: 'void java.lang.invoke.DirectMethodHandle$Holder.invokeStaticInit(java.lang.Object)'> (0x0000000086e54058) 
thrown [s\src\hotspot\share\interpreter\linkResolver.cpp, line 773]
Event: 7.309 Thread 0x0000027db7237a40 Exception <a 'java/lang/NoSuchMethodError'{0x0000000086ed8a18}: 'void java.lang.invoke.DelegatingMethodHandle$Holder.reinvoke_L(java.lang.Object, java.lang.Object, java.lang.Object, long, java.lang.Object)'> (0x0000000086ed8a18) 
thrown [s\src\hotspot\share\interpreter\linkResolver.cpp, line 773]
Event: 7.310 Thread 0x0000027db7237a40 Exception <a 'java/lang/NoSuchMethodError'{0x0000000086ee0e28}: 'java.lang.Object java.lang.invoke.DirectMethodHandle$Holder.invokeSpecial(java.lang.Object, java.lang.Object, java.lang.Object, java.lang.Object, long)'> (0x0000000086ee0e28) 
thrown [s\src\hotspot\share\interpreter\linkResolver.cpp, line 773]
Event: 7.310 Thread 0x0000027db7237a40 Exception <a 'java/lang/NoSuchMethodError'{0x0000000086ef0c48}: 'int java.lang.invoke.DelegatingMethodHandle$Holder.reinvoke_L(java.lang.Object, java.lang.Object, java.lang.Object, long, java.lang.Object, java.lang.Object)'> (0x0000000086ef0c48) 
thrown [s\src\hotspot\share\interpreter\linkResolver.cpp, line 773]
Event: 7.311 Thread 0x0000027db7237a40 Exception <a 'java/lang/NoSuchMethodError'{0x0000000086d00860}: 'int java.lang.invoke.DelegatingMethodHandle$Holder.reinvoke_L(java.lang.Object, java.lang.Object, java.lang.Object, long, int, int)'> (0x0000000086d00860) 
thrown [s\src\hotspot\share\interpreter\linkResolver.cpp, line 773]
Event: 7.312 Thread 0x0000027db7237a40 Exception <a 'java/lang/NoSuchMethodError'{0x0000000086d0fd40}: 'int java.lang.invoke.DelegatingMethodHandle$Holder.reinvoke_L(java.lang.Object, java.lang.Object, java.lang.Object, long, long, long)'> (0x0000000086d0fd40) 
thrown [s\src\hotspot\share\interpreter\linkResolver.cpp, line 773]
Event: 7.312 Thread 0x0000027db7237a40 Exception <a 'java/lang/NoSuchMethodError'{0x0000000086d1eec8}: 'int java.lang.invoke.DelegatingMethodHandle$Holder.reinvoke_L(java.lang.Object, java.lang.Object, java.lang.Object, long, int)'> (0x0000000086d1eec8) 
thrown [s\src\hotspot\share\interpreter\linkResolver.cpp, line 773]
Event: 7.313 Thread 0x0000027db7237a40 Exception <a 'java/lang/NoSuchMethodError'{0x0000000086d355a8}: 'void java.lang.invoke.DelegatingMethodHandle$Holder.reinvoke_L(java.lang.Object, java.lang.Object, java.lang.Object, long, java.lang.Object, long, long)'> (0x0000000086d355a8) 
thrown [s\src\hotspot\share\interpreter\linkResolver.cpp, line 773]
Event: 7.313 Thread 0x0000027db7237a40 Exception <a 'java/lang/NoSuchMethodError'{0x0000000086d3d510}: 'long java.lang.invoke.Invokers$Holder.invokeExact_MT(java.lang.Object, java.lang.Object, java.lang.Object)'> (0x0000000086d3d510) 
thrown [s\src\hotspot\share\interpreter\linkResolver.cpp, line 773]
Event: 7.313 Thread 0x0000027db7237a40 Exception <a 'java/lang/NoSuchMethodError'{0x0000000086d42318}: 'int java.lang.invoke.Invokers$Holder.invokeExact_MT(java.lang.Object, java.lang.Object, java.lang.Object)'> (0x0000000086d42318) 
thrown [s\src\hotspot\share\interpreter\linkResolver.cpp, line 773]
Event: 7.677 Thread 0x0000027db7237a40 Implicit null exception at 0x0000027d8ae3f465 to 0x0000027d8ae3f6f0
Event: 7.678 Thread 0x0000027db7237a40 Exception <a 'java/lang/NoSuchMethodError'{0x0000000087dabce8}: 'int java.lang.invoke.DirectMethodHandle$Holder.invokeSpecial(java.lang.Object, java.lang.Object, java.lang.Object, int)'> (0x0000000087dabce8) 
thrown [s\src\hotspot\share\interpreter\linkResolver.cpp, line 773]
Event: 7.678 Thread 0x0000027db7237a40 Exception <a 'java/lang/NoSuchMethodError'{0x0000000087dbd578}: 'java.lang.Object java.lang.invoke.DirectMethodHandle$Holder.invokeStatic(java.lang.Object, java.lang.Object, java.lang.Object, java.lang.Object, int)'> (0x0000000087dbd578) 
thrown [s\src\hotspot\share\interpreter\linkResolver.cpp, line 773]
Event: 7.679 Thread 0x0000027db7237a40 Exception <a 'java/lang/NoSuchMethodError'{0x0000000087dc5ff0}: 'long java.lang.invoke.DirectMethodHandle$Holder.invokeStatic(java.lang.Object, java.lang.Object, int)'> (0x0000000087dc5ff0) 
thrown [s\src\hotspot\share\interpreter\linkResolver.cpp, line 773]
Event: 7.680 Thread 0x0000027db7237a40 Exception <a 'java/lang/NoSuchMethodError'{0x0000000087dd2840}: 'java.lang.Object java.lang.invoke.DelegatingMethodHandle$Holder.reinvoke_L(java.lang.Object, int, long, java.lang.Object, java.lang.Object, int, java.lang.Object)'> (0x0000000087dd2840) 
thrown [s\src\hotspot\share\interpreter\linkResolver.cpp, line 773]
Event: 7.916 Thread 0x0000027db7237a40 Exception <a 'java/lang/NoSuchMethodError'{0x0000000086a088d8}: 'java.lang.Object java.lang.invoke.Invokers$Holder.invokeExact_MT(java.lang.Object, java.lang.Object, long, java.lang.Object)'> (0x0000000086a088d8) 
thrown [s\src\hotspot\share\interpreter\linkResolver.cpp, line 773]
Event: 7.984 Thread 0x0000027db7237a40 Implicit null exception at 0x0000027d8aeda113 to 0x0000027d8aedb0fc

ZGC Phase Switch (0 events):
No events

VM Operations (20 events):
Event: 6.738 Executing VM operation: HandshakeAllThreads (Deoptimize) done
Event: 7.154 Executing VM operation: G1CollectForAllocation (G1 Evacuation Pause)
Event: 7.159 Executing VM operation: G1CollectForAllocation (G1 Evacuation Pause) done
Event: 7.353 Executing VM operation: HandshakeAllThreads (Deoptimize)
Event: 7.353 Executing VM operation: HandshakeAllThreads (Deoptimize) done
Event: 7.354 Executing VM operation: HandshakeAllThreads (Deoptimize)
Event: 7.355 Executing VM operation: HandshakeAllThreads (Deoptimize) done
Event: 7.512 Executing VM operation: CollectForMetadataAllocation (Metadata GC Threshold)
Event: 7.515 Executing VM operation: CollectForMetadataAllocation (Metadata GC Threshold) done
Event: 7.526 Executing VM operation: CollectForMetadataAllocation (Metadata GC Threshold)
Event: 7.526 Executing VM operation: CollectForMetadataAllocation (Metadata GC Threshold) done
Event: 7.529 Executing VM operation: G1PauseRemark
Event: 7.538 Executing VM operation: G1PauseRemark done
Event: 7.543 Executing VM operation: G1PauseCleanup
Event: 7.543 Executing VM operation: G1PauseCleanup done
Event: 7.869 Executing VM operation: HandshakeAllThreads (Deoptimize)
Event: 7.869 Executing VM operation: HandshakeAllThreads (Deoptimize) done
Event: 7.955 Executing VM operation: HandshakeAllThreads (Deoptimize)
Event: 7.955 Executing VM operation: HandshakeAllThreads (Deoptimize) done
Event: 8.964 Executing VM operation: Cleanup

Memory protections (0 events):
No events

Nmethod flushes (20 events):
Event: 7.537 Thread 0x0000027d96309340 flushing  nmethod 0x0000027d83691a90
Event: 7.537 Thread 0x0000027d96309340 flushing  nmethod 0x0000027d836a1390
Event: 7.537 Thread 0x0000027d96309340 flushing  nmethod 0x0000027d8379de90
Event: 7.537 Thread 0x0000027d96309340 flushing  nmethod 0x0000027d837a4990
Event: 7.537 Thread 0x0000027d96309340 flushing  nmethod 0x0000027d837a5310
Event: 7.537 Thread 0x0000027d96309340 flushing  nmethod 0x0000027d83a7e510
Event: 7.537 Thread 0x0000027d96309340 flushing  nmethod 0x0000027d83a8ea90
Event: 7.537 Thread 0x0000027d96309340 flushing  nmethod 0x0000027d8aeb2310
Event: 7.537 Thread 0x0000027d96309340 flushing  nmethod 0x0000027d8aeb7310
Event: 7.537 Thread 0x0000027d96309340 flushing  nmethod 0x0000027d8afb3110
Event: 7.537 Thread 0x0000027d96309340 flushing  nmethod 0x0000027d8320b910
Event: 7.537 Thread 0x0000027d96309340 flushing  nmethod 0x0000027d8327c310
Event: 7.537 Thread 0x0000027d96309340 flushing  nmethod 0x0000027d83528b90
Event: 7.537 Thread 0x0000027d96309340 flushing  nmethod 0x0000027d8352df90
Event: 7.537 Thread 0x0000027d96309340 flushing  nmethod 0x0000027d83534910
Event: 7.537 Thread 0x0000027d96309340 flushing  nmethod 0x0000027d83839710
Event: 7.537 Thread 0x0000027d96309340 flushing  nmethod 0x0000027d83839c10
Event: 7.537 Thread 0x0000027d96309340 flushing  nmethod 0x0000027d8383a010
Event: 7.537 Thread 0x0000027d96309340 flushing  nmethod 0x0000027d8387b490
Event: 7.537 Thread 0x0000027d96309340 flushing  nmethod 0x0000027d8387d790

Events (20 events):
Event: 4.771 Thread 0x0000027db6626a20 Thread added: 0x0000027db73ed230
Event: 4.771 Thread 0x0000027db6626a20 Thread added: 0x0000027db73eb020
Event: 5.390 Thread 0x0000027db73eb020 Thread exited: 0x0000027db73eb020
Event: 5.457 Thread 0x0000027db73ed230 Thread exited: 0x0000027db73ed230
Event: 5.457 Thread 0x0000027db73ecb60 Thread exited: 0x0000027db73ecb60
Event: 5.489 Thread 0x0000027db7237a40 Thread added: 0x0000027db8661e80
Event: 5.830 Thread 0x0000027db73ec490 Thread exited: 0x0000027db73ec490
Event: 6.166 Thread 0x0000027db7237a40 Thread added: 0x0000027db86645e0
Event: 6.327 Thread 0x0000027db7237a40 Thread added: 0x0000027db8662ba0
Event: 6.368 Thread 0x0000027db7237a40 Thread added: 0x0000027db8661160
Event: 6.814 Thread 0x0000027db73eb6f0 Thread exited: 0x0000027db73eb6f0
Event: 6.814 Thread 0x0000027db73ea950 Thread exited: 0x0000027db73ea950
Event: 6.823 Thread 0x0000027d966be780 Thread exited: 0x0000027d966be780
Event: 7.941 Thread 0x0000027db6626a20 Thread added: 0x0000027db73ea950
Event: 8.004 Thread 0x0000027d96452740 Thread added: 0x0000027db73ed230
Event: 8.019 Thread 0x0000027db73ed230 Thread added: 0x0000027dbd5979f0
Event: 8.019 Thread 0x0000027db73ed230 Thread added: 0x0000027dbd596c50
Event: 8.019 Thread 0x0000027db73ed230 Thread added: 0x0000027dbd59a9a0
Event: 8.020 Thread 0x0000027db73ed230 Thread added: 0x0000027dbd5980c0
Event: 8.020 Thread 0x0000027db73ed230 Thread added: 0x0000027dbd597320


Dynamic libraries:
0x00007ff64d870000 - 0x00007ff64d87e000 	C:\Users\malin\.antigravity\extensions\redhat.java-1.51.0-win32-x64\jre\21.0.9-win32-x86_64\bin\java.exe
0x00007ff977780000 - 0x00007ff9779e7000 	C:\WINDOWS\SYSTEM32\ntdll.dll
0x00007ff976bf0000 - 0x00007ff976cb9000 	C:\WINDOWS\System32\KERNEL32.DLL
0x00007ff974f40000 - 0x00007ff97532f000 	C:\WINDOWS\System32\KERNELBASE.dll
0x00007ff9748d0000 - 0x00007ff974a1b000 	C:\WINDOWS\System32\ucrtbase.dll
0x00007ff96fa60000 - 0x00007ff96fa78000 	C:\Users\malin\.antigravity\extensions\redhat.java-1.51.0-win32-x64\jre\21.0.9-win32-x86_64\bin\jli.dll
0x00007ff971830000 - 0x00007ff97184e000 	C:\Users\malin\.antigravity\extensions\redhat.java-1.51.0-win32-x64\jre\21.0.9-win32-x86_64\bin\VCRUNTIME140.dll
0x00007ff976a20000 - 0x00007ff976be5000 	C:\WINDOWS\System32\USER32.dll
0x00007ff961fa0000 - 0x00007ff962233000 	C:\WINDOWS\WinSxS\amd64_microsoft.windows.common-controls_6595b64144ccf1df_6.0.26100.7309_none_3e05feeae336a044\COMCTL32.dll
0x00007ff974e80000 - 0x00007ff974ea7000 	C:\WINDOWS\System32\win32u.dll
0x00007ff975640000 - 0x00007ff97566b000 	C:\WINDOWS\System32\GDI32.dll
0x00007ff9773e0000 - 0x00007ff977489000 	C:\WINDOWS\System32\msvcrt.dll
0x00007ff9753f0000 - 0x00007ff97551c000 	C:\WINDOWS\System32\gdi32full.dll
0x00007ff975340000 - 0x00007ff9753e3000 	C:\WINDOWS\System32\msvcp_win.dll
0x00007ff977700000 - 0x00007ff977731000 	C:\WINDOWS\System32\IMM32.DLL
0x00007ff96f8c0000 - 0x00007ff96f8cc000 	C:\Users\malin\.antigravity\extensions\redhat.java-1.51.0-win32-x64\jre\21.0.9-win32-x86_64\bin\vcruntime140_1.dll
0x00007ff968520000 - 0x00007ff9685ad000 	C:\Users\malin\.antigravity\extensions\redhat.java-1.51.0-win32-x64\jre\21.0.9-win32-x86_64\bin\msvcp140.dll
0x00007ff8ce720000 - 0x00007ff8cf4c0000 	C:\Users\malin\.antigravity\extensions\redhat.java-1.51.0-win32-x64\jre\21.0.9-win32-x86_64\bin\server\jvm.dll
0x00007ff975520000 - 0x00007ff9755d4000 	C:\WINDOWS\System32\ADVAPI32.dll
0x00007ff976ea0000 - 0x00007ff976f46000 	C:\WINDOWS\System32\sechost.dll
0x00007ff975670000 - 0x00007ff975788000 	C:\WINDOWS\System32\RPCRT4.dll
0x00007ff9758f0000 - 0x00007ff975964000 	C:\WINDOWS\System32\WS2_32.dll
0x00007ff96daf0000 - 0x00007ff96dafb000 	C:\WINDOWS\SYSTEM32\VERSION.dll
0x00007ff96dab0000 - 0x00007ff96dae5000 	C:\WINDOWS\SYSTEM32\WINMM.dll
0x00007ff974730000 - 0x00007ff97478e000 	C:\WINDOWS\SYSTEM32\POWRPROF.dll
0x00007ff974710000 - 0x00007ff974724000 	C:\WINDOWS\SYSTEM32\UMPDC.dll
0x00007ff973680000 - 0x00007ff97369b000 	C:\WINDOWS\SYSTEM32\kernel.appcore.dll
0x00007ff96b910000 - 0x00007ff96b91a000 	C:\Users\malin\.antigravity\extensions\redhat.java-1.51.0-win32-x64\jre\21.0.9-win32-x86_64\bin\jimage.dll
0x00007ff969500000 - 0x00007ff969742000 	C:\WINDOWS\SYSTEM32\DBGHELP.DLL
0x00007ff976530000 - 0x00007ff9768b6000 	C:\WINDOWS\System32\combase.dll
0x00007ff9768c0000 - 0x00007ff976996000 	C:\WINDOWS\System32\OLEAUT32.dll
0x00007ff95fe50000 - 0x00007ff95fe8c000 	C:\WINDOWS\SYSTEM32\dbgcore.DLL
0x00007ff974c60000 - 0x00007ff974d05000 	C:\WINDOWS\System32\bcryptPrimitives.dll
0x00007ff96b900000 - 0x00007ff96b90f000 	C:\Users\malin\.antigravity\extensions\redhat.java-1.51.0-win32-x64\jre\21.0.9-win32-x86_64\bin\instrument.dll
0x00007ff968ee0000 - 0x00007ff968f00000 	C:\Users\malin\.antigravity\extensions\redhat.java-1.51.0-win32-x64\jre\21.0.9-win32-x86_64\bin\java.dll
0x00007ff975dd0000 - 0x00007ff976523000 	C:\WINDOWS\System32\SHELL32.dll
0x00007ff974d10000 - 0x00007ff974e7a000 	C:\WINDOWS\System32\wintypes.dll
0x00007ff9724c0000 - 0x00007ff972d1e000 	C:\WINDOWS\SYSTEM32\windows.storage.dll
0x00007ff975bd0000 - 0x00007ff975cc5000 	C:\WINDOWS\System32\SHCORE.dll
0x00007ff9769b0000 - 0x00007ff976a16000 	C:\WINDOWS\System32\shlwapi.dll
0x00007ff9747f0000 - 0x00007ff974819000 	C:\WINDOWS\SYSTEM32\profapi.dll
0x00007ff968d00000 - 0x00007ff968d18000 	C:\Users\malin\.antigravity\extensions\redhat.java-1.51.0-win32-x64\jre\21.0.9-win32-x86_64\bin\zip.dll
0x00007ff96b820000 - 0x00007ff96b830000 	C:\Users\malin\.antigravity\extensions\redhat.java-1.51.0-win32-x64\jre\21.0.9-win32-x86_64\bin\net.dll
0x00007ff96e620000 - 0x00007ff96e748000 	C:\WINDOWS\SYSTEM32\WINHTTP.dll
0x00007ff973bf0000 - 0x00007ff973c5b000 	C:\WINDOWS\system32\mswsock.dll
0x00007ff968ce0000 - 0x00007ff968cf6000 	C:\Users\malin\.antigravity\extensions\redhat.java-1.51.0-win32-x64\jre\21.0.9-win32-x86_64\bin\nio.dll
0x00007ff969220000 - 0x00007ff969230000 	C:\Users\malin\.antigravity\extensions\redhat.java-1.51.0-win32-x64\jre\21.0.9-win32-x86_64\bin\verify.dll
0x00007ff964780000 - 0x00007ff9647a7000 	C:\Users\malin\.gradle\native\1def1411415f61bf3af743bc5b6707747c0891f09f0c88961ee8f79bc544acac\windows-amd64\native-platform.dll
0x00007ff92ce30000 - 0x00007ff92cea8000 	C:\Users\malin\.gradle\native\0.2.7\x86_64-windows-gnu\gradle-fileevents.dll
0x00007ff968ea0000 - 0x00007ff968eaa000 	C:\Users\malin\.antigravity\extensions\redhat.java-1.51.0-win32-x64\jre\21.0.9-win32-x86_64\bin\management.dll
0x00007ff968cd0000 - 0x00007ff968cdc000 	C:\Users\malin\.antigravity\extensions\redhat.java-1.51.0-win32-x64\jre\21.0.9-win32-x86_64\bin\management_ext.dll
0x00007ff976e90000 - 0x00007ff976e98000 	C:\WINDOWS\System32\PSAPI.DLL
0x00007ff973040000 - 0x00007ff973074000 	C:\WINDOWS\SYSTEM32\IPHLPAPI.DLL
0x00007ff977490000 - 0x00007ff97749a000 	C:\WINDOWS\System32\NSI.dll
0x00007ff968c60000 - 0x00007ff968c69000 	C:\Users\malin\.antigravity\extensions\redhat.java-1.51.0-win32-x64\jre\21.0.9-win32-x86_64\bin\extnet.dll
0x00007ff973eb0000 - 0x00007ff973ecb000 	C:\WINDOWS\SYSTEM32\CRYPTSP.dll
0x00007ff9735c0000 - 0x00007ff9735fa000 	C:\WINDOWS\system32\rsaenh.dll
0x00007ff973ca0000 - 0x00007ff973ccb000 	C:\WINDOWS\SYSTEM32\USERENV.dll
0x00007ff9747c0000 - 0x00007ff9747ea000 	C:\WINDOWS\SYSTEM32\bcrypt.dll
0x00007ff973ed0000 - 0x00007ff973edc000 	C:\WINDOWS\SYSTEM32\CRYPTBASE.dll
0x00007ff968c70000 - 0x00007ff968c7e000 	C:\Users\malin\.antigravity\extensions\redhat.java-1.51.0-win32-x64\jre\21.0.9-win32-x86_64\bin\sunmscapi.dll
0x00007ff974ae0000 - 0x00007ff974c57000 	C:\WINDOWS\System32\CRYPT32.dll
0x00007ff9740d0000 - 0x00007ff974100000 	C:\WINDOWS\SYSTEM32\ncrypt.dll
0x00007ff974080000 - 0x00007ff9740bf000 	C:\WINDOWS\SYSTEM32\NTASN1.dll
0x00007ff9718d0000 - 0x00007ff9718d8000 	C:\WINDOWS\system32\wshunix.dll

JVMTI agents:
C:\Users\malin\.gradle\wrapper\dists\gradle-8.13-bin\5xuhj0ry160q40clulazy9h7d\gradle-8.13\lib\agents\gradle-instrumentation-agent-8.13.jar path:C:\Users\malin\.antigravity\extensions\redhat.java-1.51.0-win32-x64\jre\21.0.9-win32-x86_64\bin\instrument.dll, loaded, initialized, instrumentlib options:none

dbghelp: loaded successfully - version: 4.0.5 - missing functions: none
symbol engine: initialized successfully - sym options: 0x614 - pdb path: .;C:\Users\malin\.antigravity\extensions\redhat.java-1.51.0-win32-x64\jre\21.0.9-win32-x86_64\bin;C:\WINDOWS\SYSTEM32;C:\WINDOWS\WinSxS\amd64_microsoft.windows.common-controls_6595b64144ccf1df_6.0.26100.7309_none_3e05feeae336a044;C:\Users\malin\.antigravity\extensions\redhat.java-1.51.0-win32-x64\jre\21.0.9-win32-x86_64\bin\server;C:\Users\malin\.gradle\native\1def1411415f61bf3af743bc5b6707747c0891f09f0c88961ee8f79bc544acac\windows-amd64;C:\Users\malin\.gradle\native\0.2.7\x86_64-windows-gnu

VM Arguments:
jvm_args: --add-opens=java.base/java.lang=ALL-UNNAMED --add-opens=java.base/java.lang.invoke=ALL-UNNAMED --add-opens=java.base/java.util=ALL-UNNAMED --add-opens=java.prefs/java.util.prefs=ALL-UNNAMED --add-exports=jdk.compiler/com.sun.tools.javac.api=ALL-UNNAMED --add-exports=jdk.compiler/com.sun.tools.javac.util=ALL-UNNAMED --add-opens=java.base/java.util=ALL-UNNAMED --add-opens=java.prefs/java.util.prefs=ALL-UNNAMED --add-opens=java.base/java.nio.charset=ALL-UNNAMED --add-opens=java.base/java.net=ALL-UNNAMED --add-opens=java.base/java.util.concurrent.atomic=ALL-UNNAMED --add-opens=java.xml/javax.xml.namespace=ALL-UNNAMED -XX:MaxMetaspaceSize=512m -XX:+UseG1GC -Xms128m -Xmx2048m -Dfile.encoding=UTF-8 -Duser.country=US -Duser.language=en -Duser.variant -javaagent:C:\Users\malin\.gradle\wrapper\dists\gradle-8.13-bin\5xuhj0ry160q40clulazy9h7d\gradle-8.13\lib\agents\gradle-instrumentation-agent-8.13.jar 
java_command: org.gradle.launcher.daemon.bootstrap.GradleDaemon 8.13
java_class_path (initial): C:\Users\malin\.gradle\wrapper\dists\gradle-8.13-bin\5xuhj0ry160q40clulazy9h7d\gradle-8.13\lib\gradle-daemon-main-8.13.jar
Launcher Type: SUN_STANDARD

[Global flags]
     intx CICompilerCount                          = 12                                        {product} {ergonomic}
   size_t CompressedClassSpaceSize                 = 436207616                                 {product} {ergonomic}
     uint ConcGCThreads                            = 3                                         {product} {ergonomic}
     uint G1ConcRefinementThreads                  = 13                                        {product} {ergonomic}
   size_t G1HeapRegionSize                         = 1048576                                   {product} {ergonomic}
    uintx GCDrainStackTargetSize                   = 64                                        {product} {ergonomic}
   size_t InitialHeapSize                          = 134217728                                 {product} {command line}
   size_t MarkStackSize                            = 4194304                                   {product} {ergonomic}
   size_t MaxHeapSize                              = 2147483648                                {product} {command line}
   size_t MaxMetaspaceSize                         = 536870912                                 {product} {command line}
   size_t MaxNewSize                               = 1287651328                                {product} {ergonomic}
   size_t MinHeapDeltaBytes                        = 1048576                                   {product} {ergonomic}
   size_t MinHeapSize                              = 134217728                                 {product} {command line}
    uintx NonNMethodCodeHeapSize                   = 7602480                                {pd product} {ergonomic}
    uintx NonProfiledCodeHeapSize                  = 122027880                              {pd product} {ergonomic}
    uintx ProfiledCodeHeapSize                     = 122027880                              {pd product} {ergonomic}
    uintx ReservedCodeCacheSize                    = 251658240                              {pd product} {ergonomic}
     bool SegmentedCodeCache                       = true                                      {product} {ergonomic}
   size_t SoftMaxHeapSize                          = 2147483648                             {manageable} {ergonomic}
     bool UseCompressedOops                        = true                           {product lp64_product} {ergonomic}
     bool UseG1GC                                  = true                                      {product} {command line}
     bool UseLargePagesIndividualAllocation        = false                                  {pd product} {ergonomic}

Logging:
Log output configuration:
 #0: stdout all=warning uptime,level,tags foldmultilines=false
 #1: stderr all=off uptime,level,tags foldmultilines=false

Release file:
JAVA_VERSION="21.0.9" 
MODULES="java.base java.compiler java.datatransfer java.xml java.prefs java.desktop java.instrument java.logging java.management java.security.sasl java.naming java.rmi java.management.rmi java.net.http java.scripting java.security.jgss java.transaction.xa java.sql java.sql.rowset java.xml.crypto java.se java.smartcardio jdk.accessibility jdk.internal.jvmstat jdk.attach jdk.charsets jdk.internal.opt jdk.zipfs jdk.compiler jdk.crypto.ec jdk.crypto.cryptoki jdk.crypto.mscapi jdk.dynalink jdk.internal.ed jdk.editpad jdk.hotspot.agent jdk.httpserver jdk.internal.le jdk.internal.vm.ci jdk.internal.vm.compiler jdk.internal.vm.compiler.management jdk.jartool jdk.javadoc jdk.jcmd jdk.management jdk.management.agent jdk.jconsole jdk.jdeps jdk.jdwp.agent jdk.jdi jdk.jfr jdk.jshell jdk.jsobject jdk.jstatd jdk.localedata jdk.management.jfr jdk.naming.dns jdk.naming.rmi jdk.net jdk.nio.mapmode jdk.random jdk.sctp jdk.security.auth jdk.security.jgss jdk.unsupported jdk.unsupported.desktop jdk.xml.dom" 

Environment Variables:
PATH=C:\Users\malin\AppData\Local\Android\Sdk\bin;C:\Program Files\Eclipse Adoptium\jdk-25.0.0.36-hotspot\bin;C:\WINDOWS\system32;C:\WINDOWS;C:\WINDOWS\System32\Wbem;C:\WINDOWS\System32\WindowsPowerShell\v1.0\;C:\WINDOWS\System32\OpenSSH\;C:\Program Files (x86)\Microsoft SQL Server\160\DTS\Binn\;C:\Program Files (x86)\Microsoft SQL Server\160\Tools\Binn\;C:\Program Files\Microsoft SQL Server\160\Tools\Binn\;C:\Program Files\Microsoft SQL Server\Client SDK\ODBC\170\Tools\Binn\;C:\Program Files\Microsoft SQL Server\160\DTS\Binn\;C:\Program Files\MySQL\MySQL Server 8.0\bin;C:\Program Files (x86)\Windows Kits\10\Windows Performance Toolkit\;C:\Program Files\nodejs\;C:\Program Files\Git\cmd;C:\Program Files\cursor\resources\app\bin;C:\Users\malin\AppData\Local\Programs\Python\Python313\Scripts\;C:\Users\malin\AppData\Local\Programs\Python\Python313\;C:\Program Files\MySQL\MySQL Shell 8.0\bin\;C:\Users\malin\AppData\Local\Microsoft\WindowsApps;C:\Program Files\R\R-4.5.1\bin;C:\Users\malin\AppData\Roaming\npm;C:\Users\malin\AppData\Local\Programs\Microsoft VS Code\bin;C:\Users\malin\AppData\Local\Programs\mongosh\;C:\Users\malin\AppData\Local\GitHubDesktop\bin;C:\Users\malin\AppData\Local\Programs\Antigravity\bin
USERNAME=malin
OS=Windows_NT
PROCESSOR_IDENTIFIER=AMD64 Family 23 Model 96 Stepping 1, AuthenticAMD
TMP=C:\Users\malin\AppData\Local\Temp
TEMP=C:\Users\malin\AppData\Local\Temp




Periodic native trim disabled

---------------  S Y S T E M  ---------------

OS:
 Windows 11 , 64 bit Build 26100 (10.0.26100.7623)
OS uptime: 0 days 13:26 hours
Hyper-V role detected

CPU: total 16 (initial active 16) (16 cores per cpu, 2 threads per core) family 23 model 96 stepping 1 microcode 0x8600104, cx8, cmov, fxsr, ht, mmx, 3dnowpref, sse, sse2, sse3, ssse3, sse4a, sse4.1, sse4.2, popcnt, lzcnt, tsc, tscinvbit, avx, avx2, aes, clmul, bmi1, bmi2, adx, sha, fma, vzeroupper, clflush, clflushopt, hv, rdtscp, rdpid, f16c
Processor Information for the first 16 processors :
  Max Mhz: 2900, Current Mhz: 2900, Mhz Limit: 2900

Memory: 4k page, system-wide physical 15770M (5298M free)
TotalPageFile size 19866M (AvailPageFile size 201M)
current process WorkingSet (physical memory assigned to process): 363M, peak: 363M
current process commit charge ("private bytes"): 411M, peak: 411M

vm_info: OpenJDK 64-Bit Server VM (21.0.9+10-LTS) for windows-amd64 JRE (21.0.9+10-LTS), built on 2025-10-21T00:00:00Z by "admin" with unknown MS VC++:1942

END.
